Flow report for single_cycle
Mon Oct 28 01:34:18 2024
Quartus II 64-Bit Version 13.0.1 Build 232 06/12/2013 Service Pack 1 SJ Web Edition


---------------------
; Table of Contents ;
---------------------
  1. Legal Notice
  2. Flow Summary
  3. Flow Settings
  4. Flow Non-Default Global Settings
  5. Flow Elapsed Time
  6. Flow OS Summary
  7. Flow Log
  8. Flow Messages
  9. Flow Suppressed Messages



----------------
; Legal Notice ;
----------------
Copyright (C) 1991-2013 Altera Corporation
Your use of Altera Corporation's design tools, logic functions 
and other software and tools, and its AMPP partner logic 
functions, and any output files from any of the foregoing 
(including device programming or simulation files), and any 
associated documentation or information are expressly subject 
to the terms and conditions of the Altera Program License 
Subscription Agreement, Altera MegaCore Function License 
Agreement, or other applicable license agreement, including, 
without limitation, that your use is for the sole purpose of 
programming logic devices manufactured by Altera and sold by 
Altera or its authorized distributors.  Please refer to the 
applicable agreement for further details.



+--------------------------------------------------------------------------------------+
; Flow Summary                                                                         ;
+------------------------------------+-------------------------------------------------+
; Flow Status                        ; Successful - Mon Oct 28 01:34:18 2024           ;
; Quartus II 64-Bit Version          ; 13.0.1 Build 232 06/12/2013 SP 1 SJ Web Edition ;
; Revision Name                      ; single_cycle                                    ;
; Top-level Entity Name              ; top_fpga                                        ;
; Family                             ; Cyclone II                                      ;
; Device                             ; EP2C35F672C6                                    ;
; Timing Models                      ; Final                                           ;
; Total logic elements               ; 3,545 / 33,216 ( 11 % )                         ;
;     Total combinational functions  ; 2,470 / 33,216 ( 7 % )                          ;
;     Dedicated logic registers      ; 2,228 / 33,216 ( 7 % )                          ;
; Total registers                    ; 2228                                            ;
; Total pins                         ; 77 / 475 ( 16 % )                               ;
; Total virtual pins                 ; 0                                               ;
; Total memory bits                  ; 0 / 483,840 ( 0 % )                             ;
; Embedded Multiplier 9-bit elements ; 0 / 70 ( 0 % )                                  ;
; Total PLLs                         ; 0 / 4 ( 0 % )                                   ;
+------------------------------------+-------------------------------------------------+


+-----------------------------------------+
; Flow Settings                           ;
+-------------------+---------------------+
; Option            ; Setting             ;
+-------------------+---------------------+
; Start date & time ; 10/28/2024 01:16:23 ;
; Main task         ; Compilation         ;
; Revision Name     ; single_cycle        ;
+-------------------+---------------------+


+-----------------------------------------------------------------------------------------------------------------------------------------------------------------------------------------------------------+
; Flow Non-Default Global Settings                                                                                                                                                                          ;
+-------------------------------------+----------------------------------------------------------------------------------------------------------------------+---------------+-------------+----------------+
; Assignment Name                     ; Value                                                                                                                ; Default Value ; Entity Name ; Section Id     ;
+-------------------------------------+----------------------------------------------------------------------------------------------------------------------+---------------+-------------+----------------+
; COMPILER_SIGNATURE_ID               ; 18691166747277.173005298303988                                                                                       ; --            ; --          ; --             ;
; EDA_GENERATE_FUNCTIONAL_NETLIST     ; On                                                                                                                   ; --            ; --          ; eda_simulation ;
; EDA_NETLIST_WRITER_OUTPUT_DIR       ; C:/Users/Admin/Documents/SEM241/Computer_Organization_and_Design_(EE4423)/milestone/ctmt/milestone2/simulation/qsim/ ; --            ; --          ; eda_simulation ;
; EDA_OUTPUT_DATA_FORMAT              ; Verilog Hdl                                                                                                          ; --            ; --          ; eda_simulation ;
; EDA_SIMULATION_TOOL                 ; ModelSim-Altera (Verilog)                                                                                            ; <None>        ; --          ; --             ;
; MAX_CORE_JUNCTION_TEMP              ; 85                                                                                                                   ; --            ; --          ; --             ;
; MIN_CORE_JUNCTION_TEMP              ; 0                                                                                                                    ; --            ; --          ; --             ;
; PARTITION_COLOR                     ; 16764057                                                                                                             ; --            ; top_fpga    ; Top            ;
; PARTITION_FITTER_PRESERVATION_LEVEL ; PLACEMENT_AND_ROUTING                                                                                                ; --            ; top_fpga    ; Top            ;
; PARTITION_NETLIST_TYPE              ; SOURCE                                                                                                               ; --            ; top_fpga    ; Top            ;
; POWER_BOARD_THERMAL_MODEL           ; None (CONSERVATIVE)                                                                                                  ; --            ; --          ; --             ;
; POWER_PRESET_COOLING_SOLUTION       ; 23 MM HEAT SINK WITH 200 LFPM AIRFLOW                                                                                ; --            ; --          ; --             ;
; PROJECT_OUTPUT_DIRECTORY            ; output_files                                                                                                         ; --            ; --          ; --             ;
; TOP_LEVEL_ENTITY                    ; top_fpga                                                                                                             ; single_cycle  ; --          ; --             ;
+-------------------------------------+----------------------------------------------------------------------------------------------------------------------+---------------+-------------+----------------+


+-------------------------------------------------------------------------------------------------------------------------------+
; Flow Elapsed Time                                                                                                             ;
+---------------------------+--------------+-------------------------+---------------------+------------------------------------+
; Module Name               ; Elapsed Time ; Average Processors Used ; Peak Virtual Memory ; Total CPU Time (on all processors) ;
+---------------------------+--------------+-------------------------+---------------------+------------------------------------+
; Analysis & Synthesis      ; 00:00:14     ; 1.0                     ; 4611 MB             ; 00:00:14                           ;
; Fitter                    ; 00:00:30     ; 1.0                     ; 4918 MB             ; 00:00:29                           ;
; Assembler                 ; 00:00:02     ; 1.0                     ; 4577 MB             ; 00:00:01                           ;
; TimeQuest Timing Analyzer ; 00:00:01     ; 1.0                     ; 4589 MB             ; 00:00:01                           ;
; EDA Netlist Writer        ; 00:00:01     ; 1.0                     ; 4536 MB             ; 00:00:01                           ;
; EDA Netlist Writer        ; 00:00:01     ; 1.0                     ; 4537 MB             ; 00:00:00                           ;
; EDA Netlist Writer        ; 00:00:01     ; 1.0                     ; 4553 MB             ; 00:00:01                           ;
; EDA Netlist Writer        ; 00:00:00     ; 1.0                     ; 4537 MB             ; 00:00:00                           ;
; EDA Netlist Writer        ; 00:00:01     ; 1.0                     ; 4553 MB             ; 00:00:01                           ;
; EDA Netlist Writer        ; 00:00:00     ; 1.0                     ; 4537 MB             ; 00:00:00                           ;
; EDA Netlist Writer        ; 00:00:01     ; 1.0                     ; 4553 MB             ; 00:00:01                           ;
; Total                     ; 00:00:52     ; --                      ; --                  ; 00:00:49                           ;
+---------------------------+--------------+-------------------------+---------------------+------------------------------------+


+----------------------------------------------------------------------------------------+
; Flow OS Summary                                                                        ;
+---------------------------+------------------+-----------+------------+----------------+
; Module Name               ; Machine Hostname ; OS Name   ; OS Version ; Processor type ;
+---------------------------+------------------+-----------+------------+----------------+
; Analysis & Synthesis      ; DESKTOP-D7AAP94  ; Windows 7 ; 6.2        ; x86_64         ;
; Fitter                    ; DESKTOP-D7AAP94  ; Windows 7 ; 6.2        ; x86_64         ;
; Assembler                 ; DESKTOP-D7AAP94  ; Windows 7 ; 6.2        ; x86_64         ;
; TimeQuest Timing Analyzer ; DESKTOP-D7AAP94  ; Windows 7 ; 6.2        ; x86_64         ;
; EDA Netlist Writer        ; DESKTOP-D7AAP94  ; Windows 7 ; 6.2        ; x86_64         ;
; EDA Netlist Writer        ; DESKTOP-D7AAP94  ; Windows 7 ; 6.2        ; x86_64         ;
; EDA Netlist Writer        ; DESKTOP-D7AAP94  ; Windows 7 ; 6.2        ; x86_64         ;
; EDA Netlist Writer        ; DESKTOP-D7AAP94  ; Windows 7 ; 6.2        ; x86_64         ;
; EDA Netlist Writer        ; DESKTOP-D7AAP94  ; Windows 7 ; 6.2        ; x86_64         ;
; EDA Netlist Writer        ; DESKTOP-D7AAP94  ; Windows 7 ; 6.2        ; x86_64         ;
; EDA Netlist Writer        ; DESKTOP-D7AAP94  ; Windows 7 ; 6.2        ; x86_64         ;
+---------------------------+------------------+-----------+------------+----------------+


------------
; Flow Log ;
------------
quartus_map --read_settings_files=on --write_settings_files=off single_cycle -c single_cycle
quartus_fit --read_settings_files=off --write_settings_files=off single_cycle -c single_cycle
quartus_asm --read_settings_files=off --write_settings_files=off single_cycle -c single_cycle
quartus_sta single_cycle -c single_cycle
quartus_eda --read_settings_files=off --write_settings_files=off single_cycle -c single_cycle
quartus_eda --gen_testbench --check_outputs=on --tool=modelsim_oem --format=verilog single_cycle -c single_cycle --vector_source=C:/Users/Admin/Documents/SEM241/Computer_Organization_and_Design_(EE4423)/milestone/ctmt/milestone2/Waveform.vwf --testbench_file=./simulation/qsim/single_cycle.vt
quartus_eda --functional=on --simulation=on --tool=modelsim_oem --format=verilog single_cycle -c single_cycle
quartus_eda --gen_testbench --check_outputs=on --tool=modelsim_oem --format=verilog single_cycle -c single_cycle --vector_source=C:/Users/Admin/Documents/SEM241/Computer_Organization_and_Design_(EE4423)/milestone/ctmt/milestone2/Waveform.vwf --testbench_file=./simulation/qsim/single_cycle.vt
quartus_eda --functional=on --simulation=on --tool=modelsim_oem --format=verilog single_cycle -c single_cycle
quartus_eda --gen_testbench --check_outputs=on --tool=modelsim_oem --format=verilog single_cycle -c single_cycle --vector_source=C:/Users/Admin/Documents/SEM241/Computer_Organization_and_Design_(EE4423)/milestone/ctmt/milestone2/Waveform.vwf --testbench_file=./simulation/qsim/single_cycle.vt
quartus_eda --functional=on --simulation=on --tool=modelsim_oem --format=verilog single_cycle -c single_cycle



