Analysis & Synthesis report for single_cycle
Mon Dec 09 20:53:07 2024
Quartus II 64-Bit Version 13.0.1 Build 232 06/12/2013 Service Pack 1 SJ Web Edition


---------------------
; Table of Contents ;
---------------------
  1. Legal Notice
  2. Analysis & Synthesis Summary
  3. Analysis & Synthesis Settings
  4. Parallel Compilation
  5. Analysis & Synthesis Source Files Read
  6. Analysis & Synthesis Resource Usage Summary
  7. Analysis & Synthesis Resource Utilization by Entity
  8. Registers Removed During Synthesis
  9. Removed Registers Triggering Further Register Optimizations
 10. General Register Statistics
 11. Multiplexer Restructuring Statistics (Restructuring Performed)
 12. Parameter Settings for User Entity Instance: lsu:Lsu
 13. Port Connectivity Checks: "regfile:regf"
 14. Port Connectivity Checks: "pc:Pc"
 15. Elapsed Time Per Partition
 16. Analysis & Synthesis Messages
 17. Analysis & Synthesis Suppressed Messages



----------------
; Legal Notice ;
----------------
Copyright (C) 1991-2013 Altera Corporation
Your use of Altera Corporation's design tools, logic functions 
and other software and tools, and its AMPP partner logic 
functions, and any output files from any of the foregoing 
(including device programming or simulation files), and any 
associated documentation or information are expressly subject 
to the terms and conditions of the Altera Program License 
Subscription Agreement, Altera MegaCore Function License 
Agreement, or other applicable license agreement, including, 
without limitation, that your use is for the sole purpose of 
programming logic devices manufactured by Altera and sold by 
Altera or its authorized distributors.  Please refer to the 
applicable agreement for further details.



+--------------------------------------------------------------------------------------+
; Analysis & Synthesis Summary                                                         ;
+------------------------------------+-------------------------------------------------+
; Analysis & Synthesis Status        ; Successful - Mon Dec 09 20:53:07 2024           ;
; Quartus II 64-Bit Version          ; 13.0.1 Build 232 06/12/2013 SP 1 SJ Web Edition ;
; Revision Name                      ; single_cycle                                    ;
; Top-level Entity Name              ; single_cycle                                    ;
; Family                             ; Cyclone II                                      ;
; Total logic elements               ; 11,556                                          ;
;     Total combinational functions  ; 10,500                                          ;
;     Dedicated logic registers      ; 2,241                                           ;
; Total registers                    ; 2241                                            ;
; Total pins                         ; 319                                             ;
; Total virtual pins                 ; 0                                               ;
; Total memory bits                  ; 0                                               ;
; Embedded Multiplier 9-bit elements ; 0                                               ;
; Total PLLs                         ; 0                                               ;
+------------------------------------+-------------------------------------------------+


+----------------------------------------------------------------------------------------------------------------------+
; Analysis & Synthesis Settings                                                                                        ;
+----------------------------------------------------------------------------+--------------------+--------------------+
; Option                                                                     ; Setting            ; Default Value      ;
+----------------------------------------------------------------------------+--------------------+--------------------+
; Device                                                                     ; EP2C35F672C6       ;                    ;
; Top-level entity name                                                      ; single_cycle       ; single_cycle       ;
; Family name                                                                ; Cyclone II         ; Cyclone IV GX      ;
; Use smart compilation                                                      ; Off                ; Off                ;
; Enable parallel Assembler and TimeQuest Timing Analyzer during compilation ; On                 ; On                 ;
; Enable compact report table                                                ; Off                ; Off                ;
; Restructure Multiplexers                                                   ; Auto               ; Auto               ;
; Create Debugging Nodes for IP Cores                                        ; Off                ; Off                ;
; Preserve fewer node names                                                  ; On                 ; On                 ;
; Disable OpenCore Plus hardware evaluation                                  ; Off                ; Off                ;
; Verilog Version                                                            ; Verilog_2001       ; Verilog_2001       ;
; VHDL Version                                                               ; VHDL_1993          ; VHDL_1993          ;
; State Machine Processing                                                   ; Auto               ; Auto               ;
; Safe State Machine                                                         ; Off                ; Off                ;
; Extract Verilog State Machines                                             ; On                 ; On                 ;
; Extract VHDL State Machines                                                ; On                 ; On                 ;
; Ignore Verilog initial constructs                                          ; Off                ; Off                ;
; Iteration limit for constant Verilog loops                                 ; 5000               ; 5000               ;
; Iteration limit for non-constant Verilog loops                             ; 250                ; 250                ;
; Add Pass-Through Logic to Inferred RAMs                                    ; On                 ; On                 ;
; Infer RAMs from Raw Logic                                                  ; On                 ; On                 ;
; Parallel Synthesis                                                         ; On                 ; On                 ;
; DSP Block Balancing                                                        ; Auto               ; Auto               ;
; NOT Gate Push-Back                                                         ; On                 ; On                 ;
; Power-Up Don't Care                                                        ; On                 ; On                 ;
; Remove Redundant Logic Cells                                               ; Off                ; Off                ;
; Remove Duplicate Registers                                                 ; On                 ; On                 ;
; Ignore CARRY Buffers                                                       ; Off                ; Off                ;
; Ignore CASCADE Buffers                                                     ; Off                ; Off                ;
; Ignore GLOBAL Buffers                                                      ; Off                ; Off                ;
; Ignore ROW GLOBAL Buffers                                                  ; Off                ; Off                ;
; Ignore LCELL Buffers                                                       ; Off                ; Off                ;
; Ignore SOFT Buffers                                                        ; On                 ; On                 ;
; Limit AHDL Integers to 32 Bits                                             ; Off                ; Off                ;
; Optimization Technique                                                     ; Balanced           ; Balanced           ;
; Carry Chain Length                                                         ; 70                 ; 70                 ;
; Auto Carry Chains                                                          ; On                 ; On                 ;
; Auto Open-Drain Pins                                                       ; On                 ; On                 ;
; Perform WYSIWYG Primitive Resynthesis                                      ; Off                ; Off                ;
; Auto ROM Replacement                                                       ; On                 ; On                 ;
; Auto RAM Replacement                                                       ; On                 ; On                 ;
; Auto Shift Register Replacement                                            ; Auto               ; Auto               ;
; Allow Shift Register Merging across Hierarchies                            ; Auto               ; Auto               ;
; Auto Clock Enable Replacement                                              ; On                 ; On                 ;
; Strict RAM Replacement                                                     ; Off                ; Off                ;
; Allow Synchronous Control Signals                                          ; On                 ; On                 ;
; Force Use of Synchronous Clear Signals                                     ; Off                ; Off                ;
; Auto RAM to Logic Cell Conversion                                          ; Off                ; Off                ;
; Auto Resource Sharing                                                      ; Off                ; Off                ;
; Allow Any RAM Size For Recognition                                         ; Off                ; Off                ;
; Allow Any ROM Size For Recognition                                         ; Off                ; Off                ;
; Allow Any Shift Register Size For Recognition                              ; Off                ; Off                ;
; Use LogicLock Constraints during Resource Balancing                        ; On                 ; On                 ;
; Ignore translate_off and synthesis_off directives                          ; Off                ; Off                ;
; Timing-Driven Synthesis                                                    ; Off                ; Off                ;
; Report Parameter Settings                                                  ; On                 ; On                 ;
; Report Source Assignments                                                  ; On                 ; On                 ;
; Report Connectivity Checks                                                 ; On                 ; On                 ;
; Ignore Maximum Fan-Out Assignments                                         ; Off                ; Off                ;
; Synchronization Register Chain Length                                      ; 2                  ; 2                  ;
; PowerPlay Power Optimization                                               ; Normal compilation ; Normal compilation ;
; HDL message level                                                          ; Level2             ; Level2             ;
; Suppress Register Optimization Related Messages                            ; Off                ; Off                ;
; Number of Removed Registers Reported in Synthesis Report                   ; 5000               ; 5000               ;
; Number of Swept Nodes Reported in Synthesis Report                         ; 5000               ; 5000               ;
; Number of Inverted Registers Reported in Synthesis Report                  ; 100                ; 100                ;
; Clock MUX Protection                                                       ; On                 ; On                 ;
; Auto Gated Clock Conversion                                                ; Off                ; Off                ;
; Block Design Naming                                                        ; Auto               ; Auto               ;
; SDC constraint protection                                                  ; Off                ; Off                ;
; Synthesis Effort                                                           ; Auto               ; Auto               ;
; Shift Register Replacement - Allow Asynchronous Clear Signal               ; On                 ; On                 ;
; Pre-Mapping Resynthesis Optimization                                       ; Off                ; Off                ;
; Analysis & Synthesis Message Level                                         ; Medium             ; Medium             ;
; Disable Register Merging Across Hierarchies                                ; Auto               ; Auto               ;
; Resource Aware Inference For Block RAM                                     ; On                 ; On                 ;
; Synthesis Seed                                                             ; 1                  ; 1                  ;
+----------------------------------------------------------------------------+--------------------+--------------------+


Parallel compilation was disabled, but you have multiple processors available. Enable parallel compilation to reduce compilation time.
+-------------------------------------+
; Parallel Compilation                ;
+----------------------------+--------+
; Processors                 ; Number ;
+----------------------------+--------+
; Number detected on machine ; 12     ;
; Maximum allowed            ; 1      ;
+----------------------------+--------+


+-------------------------------------------------------------------------------------------------------------------------------------------------------------------------------------------------------------------+
; Analysis & Synthesis Source Files Read                                                                                                                                                                            ;
+----------------------------------+-----------------+------------------------------+---------------------------------------------------------------------------------------------------------------------+---------+
; File Name with User-Entered Path ; Used in Netlist ; File Type                    ; File Name with Absolute Path                                                                                        ; Library ;
+----------------------------------+-----------------+------------------------------+---------------------------------------------------------------------------------------------------------------------+---------+
; alu.sv                           ; yes             ; User SystemVerilog HDL File  ; C:/Users/Admin/Documents/SEM241/Computer_Organization_and_Design_(EE4423)/milestone/ctmt/milestone2/alu.sv          ;         ;
; brc.sv                           ; yes             ; User SystemVerilog HDL File  ; C:/Users/Admin/Documents/SEM241/Computer_Organization_and_Design_(EE4423)/milestone/ctmt/milestone2/brc.sv          ;         ;
; ctrl_unit.sv                     ; yes             ; User SystemVerilog HDL File  ; C:/Users/Admin/Documents/SEM241/Computer_Organization_and_Design_(EE4423)/milestone/ctmt/milestone2/ctrl_unit.sv    ;         ;
; I$.sv                            ; yes             ; User SystemVerilog HDL File  ; C:/Users/Admin/Documents/SEM241/Computer_Organization_and_Design_(EE4423)/milestone/ctmt/milestone2/I$.sv           ;         ;
; ImmGen.sv                        ; yes             ; User SystemVerilog HDL File  ; C:/Users/Admin/Documents/SEM241/Computer_Organization_and_Design_(EE4423)/milestone/ctmt/milestone2/ImmGen.sv       ;         ;
; insn_vld.sv                      ; yes             ; User SystemVerilog HDL File  ; C:/Users/Admin/Documents/SEM241/Computer_Organization_and_Design_(EE4423)/milestone/ctmt/milestone2/insn_vld.sv     ;         ;
; instruction.txt                  ; yes             ; User File                    ; C:/Users/Admin/Documents/SEM241/Computer_Organization_and_Design_(EE4423)/milestone/ctmt/milestone2/instruction.txt ;         ;
; lsu.sv                           ; yes             ; User SystemVerilog HDL File  ; C:/Users/Admin/Documents/SEM241/Computer_Organization_and_Design_(EE4423)/milestone/ctmt/milestone2/lsu.sv          ;         ;
; mux_2to1.sv                      ; yes             ; User SystemVerilog HDL File  ; C:/Users/Admin/Documents/SEM241/Computer_Organization_and_Design_(EE4423)/milestone/ctmt/milestone2/mux_2to1.sv     ;         ;
; mux_3to1.sv                      ; yes             ; User SystemVerilog HDL File  ; C:/Users/Admin/Documents/SEM241/Computer_Organization_and_Design_(EE4423)/milestone/ctmt/milestone2/mux_3to1.sv     ;         ;
; pc.sv                            ; yes             ; User SystemVerilog HDL File  ; C:/Users/Admin/Documents/SEM241/Computer_Organization_and_Design_(EE4423)/milestone/ctmt/milestone2/pc.sv           ;         ;
; pc_adder.sv                      ; yes             ; User SystemVerilog HDL File  ; C:/Users/Admin/Documents/SEM241/Computer_Organization_and_Design_(EE4423)/milestone/ctmt/milestone2/pc_adder.sv     ;         ;
; pc_debug.sv                      ; yes             ; User SystemVerilog HDL File  ; C:/Users/Admin/Documents/SEM241/Computer_Organization_and_Design_(EE4423)/milestone/ctmt/milestone2/pc_debug.sv     ;         ;
; regfile.sv                       ; yes             ; User SystemVerilog HDL File  ; C:/Users/Admin/Documents/SEM241/Computer_Organization_and_Design_(EE4423)/milestone/ctmt/milestone2/regfile.sv      ;         ;
; single_cycle.sv                  ; yes             ; User SystemVerilog HDL File  ; C:/Users/Admin/Documents/SEM241/Computer_Organization_and_Design_(EE4423)/milestone/ctmt/milestone2/single_cycle.sv ;         ;
+----------------------------------+-----------------+------------------------------+---------------------------------------------------------------------------------------------------------------------+---------+


+------------------------------------------------------+
; Analysis & Synthesis Resource Usage Summary          ;
+---------------------------------------------+--------+
; Resource                                    ; Usage  ;
+---------------------------------------------+--------+
; Estimated Total logic elements              ; 11,556 ;
;                                             ;        ;
; Total combinational functions               ; 10500  ;
; Logic element usage by number of LUT inputs ;        ;
;     -- 4 input functions                    ; 7995   ;
;     -- 3 input functions                    ; 2077   ;
;     -- <=2 input functions                  ; 428    ;
;                                             ;        ;
; Logic elements by mode                      ;        ;
;     -- normal mode                          ; 10310  ;
;     -- arithmetic mode                      ; 190    ;
;                                             ;        ;
; Total registers                             ; 2241   ;
;     -- Dedicated logic registers            ; 2241   ;
;     -- I/O registers                        ; 0      ;
;                                             ;        ;
; I/O pins                                    ; 319    ;
; Embedded Multiplier 9-bit elements          ; 0      ;
; Maximum fan-out node                        ; i_clk  ;
; Maximum fan-out                             ; 2241   ;
; Total fan-out                               ; 46236  ;
; Average fan-out                             ; 3.54   ;
+---------------------------------------------+--------+


+----------------------------------------------------------------------------------------------------------------------------------------------------------------------------------------+
; Analysis & Synthesis Resource Utilization by Entity                                                                                                                                    ;
+----------------------------+-------------------+--------------+-------------+--------------+---------+-----------+------+--------------+--------------------------------+--------------+
; Compilation Hierarchy Node ; LC Combinationals ; LC Registers ; Memory Bits ; DSP Elements ; DSP 9x9 ; DSP 18x18 ; Pins ; Virtual Pins ; Full Hierarchy Name            ; Library Name ;
+----------------------------+-------------------+--------------+-------------+--------------+---------+-----------+------+--------------+--------------------------------+--------------+
; |single_cycle              ; 10500 (0)         ; 2241 (0)     ; 0           ; 0            ; 0       ; 0         ; 319  ; 0            ; |single_cycle                  ; work         ;
;    |I$:i$|                 ; 405 (405)         ; 0 (0)        ; 0           ; 0            ; 0       ; 0         ; 0    ; 0            ; |single_cycle|I$:i$            ; work         ;
;    |ImmGen:immgen|         ; 17 (17)           ; 0 (0)        ; 0           ; 0            ; 0       ; 0         ; 0    ; 0            ; |single_cycle|ImmGen:immgen    ; work         ;
;    |alu:Alu|               ; 647 (647)         ; 0 (0)        ; 0           ; 0            ; 0       ; 0         ; 0    ; 0            ; |single_cycle|alu:Alu          ; work         ;
;    |brc:Brc|               ; 88 (88)           ; 0 (0)        ; 0           ; 0            ; 0       ; 0         ; 0    ; 0            ; |single_cycle|brc:Brc          ; work         ;
;    |ctrl_unit:ctrl|        ; 56 (56)           ; 0 (0)        ; 0           ; 0            ; 0       ; 0         ; 0    ; 0            ; |single_cycle|ctrl_unit:ctrl   ; work         ;
;    |insn_vld:ins_vld|      ; 0 (0)             ; 1 (1)        ; 0           ; 0            ; 0       ; 0         ; 0    ; 0            ; |single_cycle|insn_vld:ins_vld ; work         ;
;    |lsu:Lsu|               ; 5344 (5344)       ; 1184 (1184)  ; 0           ; 0            ; 0       ; 0         ; 0    ; 0            ; |single_cycle|lsu:Lsu          ; work         ;
;    |mux_2to1:mux211|       ; 8 (8)             ; 0 (0)        ; 0           ; 0            ; 0       ; 0         ; 0    ; 0            ; |single_cycle|mux_2to1:mux211  ; work         ;
;    |mux_2to1:mux212|       ; 33 (33)           ; 0 (0)        ; 0           ; 0            ; 0       ; 0         ; 0    ; 0            ; |single_cycle|mux_2to1:mux212  ; work         ;
;    |mux_2to1:mux213|       ; 93 (93)           ; 0 (0)        ; 0           ; 0            ; 0       ; 0         ; 0    ; 0            ; |single_cycle|mux_2to1:mux213  ; work         ;
;    |mux_3to1:mux31|        ; 2365 (2365)       ; 0 (0)        ; 0           ; 0            ; 0       ; 0         ; 0    ; 0            ; |single_cycle|mux_3to1:mux31   ; work         ;
;    |pc:Pc|                 ; 22 (22)           ; 32 (32)      ; 0           ; 0            ; 0       ; 0         ; 0    ; 0            ; |single_cycle|pc:Pc            ; work         ;
;    |pc_adder:adder|        ; 30 (30)           ; 0 (0)        ; 0           ; 0            ; 0       ; 0         ; 0    ; 0            ; |single_cycle|pc_adder:adder   ; work         ;
;    |pc_debug:pc_de|        ; 0 (0)             ; 32 (32)      ; 0           ; 0            ; 0       ; 0         ; 0    ; 0            ; |single_cycle|pc_debug:pc_de   ; work         ;
;    |regfile:regf|          ; 1392 (1392)       ; 992 (992)    ; 0           ; 0            ; 0       ; 0         ; 0    ; 0            ; |single_cycle|regfile:regf     ; work         ;
+----------------------------+-------------------+--------------+-------------+--------------+---------+-----------+------+--------------+--------------------------------+--------------+
Note: For table entries with two numbers listed, the numbers in parentheses indicate the number of resources of the given type used by the specific entity alone. The numbers listed outside of parentheses indicate the total resources of the given type used by the specific entity and all of its sub-entities in the hierarchy.


+--------------------------------------------------------------------------------------+
; Registers Removed During Synthesis                                                   ;
+----------------------------------------+---------------------------------------------+
; Register name                          ; Reason for Removal                          ;
+----------------------------------------+---------------------------------------------+
; regfile:regf|regfile[0][21]            ; Stuck at GND due to stuck port clock_enable ;
; regfile:regf|regfile[0][1]             ; Stuck at GND due to stuck port clock_enable ;
; regfile:regf|regfile[0][2]             ; Stuck at GND due to stuck port clock_enable ;
; regfile:regf|regfile[0][3]             ; Stuck at GND due to stuck port clock_enable ;
; regfile:regf|regfile[0][4]             ; Stuck at GND due to stuck port clock_enable ;
; regfile:regf|regfile[0][5]             ; Stuck at GND due to stuck port clock_enable ;
; regfile:regf|regfile[0][6]             ; Stuck at GND due to stuck port clock_enable ;
; regfile:regf|regfile[0][7]             ; Stuck at GND due to stuck port clock_enable ;
; regfile:regf|regfile[0][8]             ; Stuck at GND due to stuck port clock_enable ;
; regfile:regf|regfile[0][9]             ; Stuck at GND due to stuck port clock_enable ;
; regfile:regf|regfile[0][10]            ; Stuck at GND due to stuck port clock_enable ;
; regfile:regf|regfile[0][11]            ; Stuck at GND due to stuck port clock_enable ;
; regfile:regf|regfile[0][12]            ; Stuck at GND due to stuck port clock_enable ;
; regfile:regf|regfile[0][13]            ; Stuck at GND due to stuck port clock_enable ;
; regfile:regf|regfile[0][14]            ; Stuck at GND due to stuck port clock_enable ;
; regfile:regf|regfile[0][15]            ; Stuck at GND due to stuck port clock_enable ;
; regfile:regf|regfile[0][16]            ; Stuck at GND due to stuck port clock_enable ;
; regfile:regf|regfile[0][17]            ; Stuck at GND due to stuck port clock_enable ;
; regfile:regf|regfile[0][18]            ; Stuck at GND due to stuck port clock_enable ;
; regfile:regf|regfile[0][19]            ; Stuck at GND due to stuck port clock_enable ;
; regfile:regf|regfile[0][20]            ; Stuck at GND due to stuck port clock_enable ;
; regfile:regf|regfile[0][22]            ; Stuck at GND due to stuck port clock_enable ;
; regfile:regf|regfile[0][23]            ; Stuck at GND due to stuck port clock_enable ;
; regfile:regf|regfile[0][24]            ; Stuck at GND due to stuck port clock_enable ;
; regfile:regf|regfile[0][25]            ; Stuck at GND due to stuck port clock_enable ;
; regfile:regf|regfile[0][26]            ; Stuck at GND due to stuck port clock_enable ;
; regfile:regf|regfile[0][27]            ; Stuck at GND due to stuck port clock_enable ;
; regfile:regf|regfile[0][28]            ; Stuck at GND due to stuck port clock_enable ;
; regfile:regf|regfile[0][29]            ; Stuck at GND due to stuck port clock_enable ;
; regfile:regf|regfile[0][30]            ; Stuck at GND due to stuck port clock_enable ;
; regfile:regf|regfile[0][0]             ; Stuck at GND due to stuck port clock_enable ;
; regfile:regf|regfile[0][31]            ; Stuck at GND due to stuck port clock_enable ;
; Total Number of Removed Registers = 32 ;                                             ;
+----------------------------------------+---------------------------------------------+


+-------------------------------------------------------------------------------------------------------+
; Removed Registers Triggering Further Register Optimizations                                           ;
+-----------------------------+--------------------------------+----------------------------------------+
; Register name               ; Reason for Removal             ; Registers Removed due to This Register ;
+-----------------------------+--------------------------------+----------------------------------------+
; regfile:regf|regfile[0][15] ; Stuck at GND                   ; regfile:regf|regfile[0][31]            ;
;                             ; due to stuck port clock_enable ;                                        ;
+-----------------------------+--------------------------------+----------------------------------------+


+------------------------------------------------------+
; General Register Statistics                          ;
+----------------------------------------------+-------+
; Statistic                                    ; Value ;
+----------------------------------------------+-------+
; Total registers                              ; 2241  ;
; Number of registers using Synchronous Clear  ; 0     ;
; Number of registers using Synchronous Load   ; 22    ;
; Number of registers using Asynchronous Clear ; 1217  ;
; Number of registers using Asynchronous Load  ; 0     ;
; Number of registers using Clock Enable       ; 1154  ;
; Number of registers using Preset             ; 0     ;
+----------------------------------------------+-------+


+---------------------------------------------------------------------------------------------------------------------------------------------------------+
; Multiplexer Restructuring Statistics (Restructuring Performed)                                                                                          ;
+--------------------+-----------+---------------+----------------------+------------------------+------------+-------------------------------------------+
; Multiplexer Inputs ; Bus Width ; Baseline Area ; Area if Restructured ; Saving if Restructured ; Registered ; Example Multiplexer Output                ;
+--------------------+-----------+---------------+----------------------+------------------------+------------+-------------------------------------------+
; 6:1                ; 8 bits    ; 32 LEs        ; 16 LEs               ; 16 LEs                 ; Yes        ; |single_cycle|lsu:Lsu|seven_segment[7][3] ;
; 6:1                ; 8 bits    ; 32 LEs        ; 16 LEs               ; 16 LEs                 ; Yes        ; |single_cycle|lsu:Lsu|seven_segment[6][3] ;
; 6:1                ; 8 bits    ; 32 LEs        ; 16 LEs               ; 16 LEs                 ; Yes        ; |single_cycle|lsu:Lsu|seven_segment[5][6] ;
; 6:1                ; 8 bits    ; 32 LEs        ; 16 LEs               ; 16 LEs                 ; Yes        ; |single_cycle|lsu:Lsu|seven_segment[4][0] ;
; 6:1                ; 8 bits    ; 32 LEs        ; 16 LEs               ; 16 LEs                 ; Yes        ; |single_cycle|lsu:Lsu|seven_segment[3][1] ;
; 6:1                ; 8 bits    ; 32 LEs        ; 16 LEs               ; 16 LEs                 ; Yes        ; |single_cycle|lsu:Lsu|seven_segment[2][2] ;
; 6:1                ; 8 bits    ; 32 LEs        ; 16 LEs               ; 16 LEs                 ; Yes        ; |single_cycle|lsu:Lsu|seven_segment[1][6] ;
; 6:1                ; 8 bits    ; 32 LEs        ; 16 LEs               ; 16 LEs                 ; Yes        ; |single_cycle|lsu:Lsu|seven_segment[0][2] ;
; 6:1                ; 8 bits    ; 32 LEs        ; 16 LEs               ; 16 LEs                 ; Yes        ; |single_cycle|lsu:Lsu|sram[127][3]        ;
; 6:1                ; 8 bits    ; 32 LEs        ; 16 LEs               ; 16 LEs                 ; Yes        ; |single_cycle|lsu:Lsu|sram[126][7]        ;
; 6:1                ; 8 bits    ; 32 LEs        ; 16 LEs               ; 16 LEs                 ; Yes        ; |single_cycle|lsu:Lsu|sram[125][7]        ;
; 6:1                ; 8 bits    ; 32 LEs        ; 16 LEs               ; 16 LEs                 ; Yes        ; |single_cycle|lsu:Lsu|sram[124][4]        ;
; 6:1                ; 8 bits    ; 32 LEs        ; 16 LEs               ; 16 LEs                 ; Yes        ; |single_cycle|lsu:Lsu|sram[123][5]        ;
; 6:1                ; 8 bits    ; 32 LEs        ; 16 LEs               ; 16 LEs                 ; Yes        ; |single_cycle|lsu:Lsu|sram[122][7]        ;
; 6:1                ; 8 bits    ; 32 LEs        ; 16 LEs               ; 16 LEs                 ; Yes        ; |single_cycle|lsu:Lsu|sram[121][2]        ;
; 6:1                ; 8 bits    ; 32 LEs        ; 16 LEs               ; 16 LEs                 ; Yes        ; |single_cycle|lsu:Lsu|sram[120][2]        ;
; 6:1                ; 8 bits    ; 32 LEs        ; 16 LEs               ; 16 LEs                 ; Yes        ; |single_cycle|lsu:Lsu|sram[119][1]        ;
; 6:1                ; 8 bits    ; 32 LEs        ; 16 LEs               ; 16 LEs                 ; Yes        ; |single_cycle|lsu:Lsu|sram[118][1]        ;
; 6:1                ; 8 bits    ; 32 LEs        ; 16 LEs               ; 16 LEs                 ; Yes        ; |single_cycle|lsu:Lsu|sram[117][0]        ;
; 6:1                ; 8 bits    ; 32 LEs        ; 16 LEs               ; 16 LEs                 ; Yes        ; |single_cycle|lsu:Lsu|sram[116][6]        ;
; 6:1                ; 8 bits    ; 32 LEs        ; 16 LEs               ; 16 LEs                 ; Yes        ; |single_cycle|lsu:Lsu|sram[115][1]        ;
; 6:1                ; 8 bits    ; 32 LEs        ; 16 LEs               ; 16 LEs                 ; Yes        ; |single_cycle|lsu:Lsu|sram[114][0]        ;
; 6:1                ; 8 bits    ; 32 LEs        ; 16 LEs               ; 16 LEs                 ; Yes        ; |single_cycle|lsu:Lsu|sram[113][5]        ;
; 6:1                ; 8 bits    ; 32 LEs        ; 16 LEs               ; 16 LEs                 ; Yes        ; |single_cycle|lsu:Lsu|sram[112][1]        ;
; 6:1                ; 8 bits    ; 32 LEs        ; 16 LEs               ; 16 LEs                 ; Yes        ; |single_cycle|lsu:Lsu|sram[111][3]        ;
; 6:1                ; 8 bits    ; 32 LEs        ; 16 LEs               ; 16 LEs                 ; Yes        ; |single_cycle|lsu:Lsu|sram[110][3]        ;
; 6:1                ; 8 bits    ; 32 LEs        ; 16 LEs               ; 16 LEs                 ; Yes        ; |single_cycle|lsu:Lsu|sram[109][4]        ;
; 6:1                ; 8 bits    ; 32 LEs        ; 16 LEs               ; 16 LEs                 ; Yes        ; |single_cycle|lsu:Lsu|sram[108][3]        ;
; 6:1                ; 8 bits    ; 32 LEs        ; 16 LEs               ; 16 LEs                 ; Yes        ; |single_cycle|lsu:Lsu|sram[107][4]        ;
; 6:1                ; 8 bits    ; 32 LEs        ; 16 LEs               ; 16 LEs                 ; Yes        ; |single_cycle|lsu:Lsu|sram[106][0]        ;
; 6:1                ; 8 bits    ; 32 LEs        ; 16 LEs               ; 16 LEs                 ; Yes        ; |single_cycle|lsu:Lsu|sram[105][7]        ;
; 6:1                ; 8 bits    ; 32 LEs        ; 16 LEs               ; 16 LEs                 ; Yes        ; |single_cycle|lsu:Lsu|sram[104][1]        ;
; 6:1                ; 8 bits    ; 32 LEs        ; 16 LEs               ; 16 LEs                 ; Yes        ; |single_cycle|lsu:Lsu|sram[103][6]        ;
; 6:1                ; 8 bits    ; 32 LEs        ; 16 LEs               ; 16 LEs                 ; Yes        ; |single_cycle|lsu:Lsu|sram[102][1]        ;
; 6:1                ; 8 bits    ; 32 LEs        ; 16 LEs               ; 16 LEs                 ; Yes        ; |single_cycle|lsu:Lsu|sram[101][5]        ;
; 6:1                ; 8 bits    ; 32 LEs        ; 16 LEs               ; 16 LEs                 ; Yes        ; |single_cycle|lsu:Lsu|sram[100][5]        ;
; 6:1                ; 8 bits    ; 32 LEs        ; 16 LEs               ; 16 LEs                 ; Yes        ; |single_cycle|lsu:Lsu|sram[99][5]         ;
; 6:1                ; 8 bits    ; 32 LEs        ; 16 LEs               ; 16 LEs                 ; Yes        ; |single_cycle|lsu:Lsu|sram[98][7]         ;
; 6:1                ; 8 bits    ; 32 LEs        ; 16 LEs               ; 16 LEs                 ; Yes        ; |single_cycle|lsu:Lsu|sram[97][3]         ;
; 6:1                ; 8 bits    ; 32 LEs        ; 16 LEs               ; 16 LEs                 ; Yes        ; |single_cycle|lsu:Lsu|sram[96][6]         ;
; 6:1                ; 8 bits    ; 32 LEs        ; 16 LEs               ; 16 LEs                 ; Yes        ; |single_cycle|lsu:Lsu|sram[95][5]         ;
; 6:1                ; 8 bits    ; 32 LEs        ; 16 LEs               ; 16 LEs                 ; Yes        ; |single_cycle|lsu:Lsu|sram[94][5]         ;
; 6:1                ; 8 bits    ; 32 LEs        ; 16 LEs               ; 16 LEs                 ; Yes        ; |single_cycle|lsu:Lsu|sram[93][5]         ;
; 6:1                ; 8 bits    ; 32 LEs        ; 16 LEs               ; 16 LEs                 ; Yes        ; |single_cycle|lsu:Lsu|sram[92][2]         ;
; 6:1                ; 8 bits    ; 32 LEs        ; 16 LEs               ; 16 LEs                 ; Yes        ; |single_cycle|lsu:Lsu|sram[91][7]         ;
; 6:1                ; 8 bits    ; 32 LEs        ; 16 LEs               ; 16 LEs                 ; Yes        ; |single_cycle|lsu:Lsu|sram[90][7]         ;
; 6:1                ; 8 bits    ; 32 LEs        ; 16 LEs               ; 16 LEs                 ; Yes        ; |single_cycle|lsu:Lsu|sram[89][1]         ;
; 6:1                ; 8 bits    ; 32 LEs        ; 16 LEs               ; 16 LEs                 ; Yes        ; |single_cycle|lsu:Lsu|sram[88][1]         ;
; 6:1                ; 8 bits    ; 32 LEs        ; 16 LEs               ; 16 LEs                 ; Yes        ; |single_cycle|lsu:Lsu|sram[87][3]         ;
; 6:1                ; 8 bits    ; 32 LEs        ; 16 LEs               ; 16 LEs                 ; Yes        ; |single_cycle|lsu:Lsu|sram[86][0]         ;
; 6:1                ; 8 bits    ; 32 LEs        ; 16 LEs               ; 16 LEs                 ; Yes        ; |single_cycle|lsu:Lsu|sram[85][3]         ;
; 6:1                ; 8 bits    ; 32 LEs        ; 16 LEs               ; 16 LEs                 ; Yes        ; |single_cycle|lsu:Lsu|sram[84][5]         ;
; 6:1                ; 8 bits    ; 32 LEs        ; 16 LEs               ; 16 LEs                 ; Yes        ; |single_cycle|lsu:Lsu|sram[83][4]         ;
; 6:1                ; 8 bits    ; 32 LEs        ; 16 LEs               ; 16 LEs                 ; Yes        ; |single_cycle|lsu:Lsu|sram[82][2]         ;
; 6:1                ; 8 bits    ; 32 LEs        ; 16 LEs               ; 16 LEs                 ; Yes        ; |single_cycle|lsu:Lsu|sram[81][2]         ;
; 6:1                ; 8 bits    ; 32 LEs        ; 16 LEs               ; 16 LEs                 ; Yes        ; |single_cycle|lsu:Lsu|sram[80][2]         ;
; 6:1                ; 8 bits    ; 32 LEs        ; 16 LEs               ; 16 LEs                 ; Yes        ; |single_cycle|lsu:Lsu|sram[79][0]         ;
; 6:1                ; 8 bits    ; 32 LEs        ; 16 LEs               ; 16 LEs                 ; Yes        ; |single_cycle|lsu:Lsu|sram[78][6]         ;
; 6:1                ; 8 bits    ; 32 LEs        ; 16 LEs               ; 16 LEs                 ; Yes        ; |single_cycle|lsu:Lsu|sram[77][4]         ;
; 6:1                ; 8 bits    ; 32 LEs        ; 16 LEs               ; 16 LEs                 ; Yes        ; |single_cycle|lsu:Lsu|sram[76][6]         ;
; 6:1                ; 8 bits    ; 32 LEs        ; 16 LEs               ; 16 LEs                 ; Yes        ; |single_cycle|lsu:Lsu|sram[75][3]         ;
; 6:1                ; 8 bits    ; 32 LEs        ; 16 LEs               ; 16 LEs                 ; Yes        ; |single_cycle|lsu:Lsu|sram[74][3]         ;
; 6:1                ; 8 bits    ; 32 LEs        ; 16 LEs               ; 16 LEs                 ; Yes        ; |single_cycle|lsu:Lsu|sram[73][0]         ;
; 6:1                ; 8 bits    ; 32 LEs        ; 16 LEs               ; 16 LEs                 ; Yes        ; |single_cycle|lsu:Lsu|sram[72][5]         ;
; 6:1                ; 8 bits    ; 32 LEs        ; 16 LEs               ; 16 LEs                 ; Yes        ; |single_cycle|lsu:Lsu|sram[71][2]         ;
; 6:1                ; 8 bits    ; 32 LEs        ; 16 LEs               ; 16 LEs                 ; Yes        ; |single_cycle|lsu:Lsu|sram[70][2]         ;
; 6:1                ; 8 bits    ; 32 LEs        ; 16 LEs               ; 16 LEs                 ; Yes        ; |single_cycle|lsu:Lsu|sram[69][4]         ;
; 6:1                ; 8 bits    ; 32 LEs        ; 16 LEs               ; 16 LEs                 ; Yes        ; |single_cycle|lsu:Lsu|sram[68][5]         ;
; 6:1                ; 8 bits    ; 32 LEs        ; 16 LEs               ; 16 LEs                 ; Yes        ; |single_cycle|lsu:Lsu|sram[67][6]         ;
; 6:1                ; 8 bits    ; 32 LEs        ; 16 LEs               ; 16 LEs                 ; Yes        ; |single_cycle|lsu:Lsu|sram[66][6]         ;
; 6:1                ; 8 bits    ; 32 LEs        ; 16 LEs               ; 16 LEs                 ; Yes        ; |single_cycle|lsu:Lsu|sram[65][5]         ;
; 6:1                ; 8 bits    ; 32 LEs        ; 16 LEs               ; 16 LEs                 ; Yes        ; |single_cycle|lsu:Lsu|sram[64][7]         ;
; 6:1                ; 8 bits    ; 32 LEs        ; 16 LEs               ; 16 LEs                 ; Yes        ; |single_cycle|lsu:Lsu|sram[63][3]         ;
; 6:1                ; 8 bits    ; 32 LEs        ; 16 LEs               ; 16 LEs                 ; Yes        ; |single_cycle|lsu:Lsu|sram[62][2]         ;
; 6:1                ; 8 bits    ; 32 LEs        ; 16 LEs               ; 16 LEs                 ; Yes        ; |single_cycle|lsu:Lsu|sram[61][5]         ;
; 6:1                ; 8 bits    ; 32 LEs        ; 16 LEs               ; 16 LEs                 ; Yes        ; |single_cycle|lsu:Lsu|sram[60][2]         ;
; 6:1                ; 8 bits    ; 32 LEs        ; 16 LEs               ; 16 LEs                 ; Yes        ; |single_cycle|lsu:Lsu|sram[59][4]         ;
; 6:1                ; 8 bits    ; 32 LEs        ; 16 LEs               ; 16 LEs                 ; Yes        ; |single_cycle|lsu:Lsu|sram[58][1]         ;
; 6:1                ; 8 bits    ; 32 LEs        ; 16 LEs               ; 16 LEs                 ; Yes        ; |single_cycle|lsu:Lsu|sram[57][1]         ;
; 6:1                ; 8 bits    ; 32 LEs        ; 16 LEs               ; 16 LEs                 ; Yes        ; |single_cycle|lsu:Lsu|sram[56][7]         ;
; 6:1                ; 8 bits    ; 32 LEs        ; 16 LEs               ; 16 LEs                 ; Yes        ; |single_cycle|lsu:Lsu|sram[55][3]         ;
; 6:1                ; 8 bits    ; 32 LEs        ; 16 LEs               ; 16 LEs                 ; Yes        ; |single_cycle|lsu:Lsu|sram[54][2]         ;
; 6:1                ; 8 bits    ; 32 LEs        ; 16 LEs               ; 16 LEs                 ; Yes        ; |single_cycle|lsu:Lsu|sram[53][4]         ;
; 6:1                ; 8 bits    ; 32 LEs        ; 16 LEs               ; 16 LEs                 ; Yes        ; |single_cycle|lsu:Lsu|sram[52][2]         ;
; 6:1                ; 8 bits    ; 32 LEs        ; 16 LEs               ; 16 LEs                 ; Yes        ; |single_cycle|lsu:Lsu|sram[51][1]         ;
; 6:1                ; 8 bits    ; 32 LEs        ; 16 LEs               ; 16 LEs                 ; Yes        ; |single_cycle|lsu:Lsu|sram[50][1]         ;
; 6:1                ; 8 bits    ; 32 LEs        ; 16 LEs               ; 16 LEs                 ; Yes        ; |single_cycle|lsu:Lsu|sram[49][1]         ;
; 6:1                ; 8 bits    ; 32 LEs        ; 16 LEs               ; 16 LEs                 ; Yes        ; |single_cycle|lsu:Lsu|sram[48][1]         ;
; 6:1                ; 8 bits    ; 32 LEs        ; 16 LEs               ; 16 LEs                 ; Yes        ; |single_cycle|lsu:Lsu|sram[47][4]         ;
; 6:1                ; 8 bits    ; 32 LEs        ; 16 LEs               ; 16 LEs                 ; Yes        ; |single_cycle|lsu:Lsu|sram[46][4]         ;
; 6:1                ; 8 bits    ; 32 LEs        ; 16 LEs               ; 16 LEs                 ; Yes        ; |single_cycle|lsu:Lsu|sram[45][2]         ;
; 6:1                ; 8 bits    ; 32 LEs        ; 16 LEs               ; 16 LEs                 ; Yes        ; |single_cycle|lsu:Lsu|sram[44][3]         ;
; 6:1                ; 8 bits    ; 32 LEs        ; 16 LEs               ; 16 LEs                 ; Yes        ; |single_cycle|lsu:Lsu|sram[43][0]         ;
; 6:1                ; 8 bits    ; 32 LEs        ; 16 LEs               ; 16 LEs                 ; Yes        ; |single_cycle|lsu:Lsu|sram[42][7]         ;
; 6:1                ; 8 bits    ; 32 LEs        ; 16 LEs               ; 16 LEs                 ; Yes        ; |single_cycle|lsu:Lsu|sram[41][1]         ;
; 6:1                ; 8 bits    ; 32 LEs        ; 16 LEs               ; 16 LEs                 ; Yes        ; |single_cycle|lsu:Lsu|sram[40][4]         ;
; 6:1                ; 8 bits    ; 32 LEs        ; 16 LEs               ; 16 LEs                 ; Yes        ; |single_cycle|lsu:Lsu|sram[39][5]         ;
; 6:1                ; 8 bits    ; 32 LEs        ; 16 LEs               ; 16 LEs                 ; Yes        ; |single_cycle|lsu:Lsu|sram[38][2]         ;
; 6:1                ; 8 bits    ; 32 LEs        ; 16 LEs               ; 16 LEs                 ; Yes        ; |single_cycle|lsu:Lsu|sram[37][4]         ;
; 6:1                ; 8 bits    ; 32 LEs        ; 16 LEs               ; 16 LEs                 ; Yes        ; |single_cycle|lsu:Lsu|sram[36][4]         ;
; 6:1                ; 8 bits    ; 32 LEs        ; 16 LEs               ; 16 LEs                 ; Yes        ; |single_cycle|lsu:Lsu|sram[35][6]         ;
; 6:1                ; 8 bits    ; 32 LEs        ; 16 LEs               ; 16 LEs                 ; Yes        ; |single_cycle|lsu:Lsu|sram[34][1]         ;
; 6:1                ; 8 bits    ; 32 LEs        ; 16 LEs               ; 16 LEs                 ; Yes        ; |single_cycle|lsu:Lsu|sram[33][0]         ;
; 6:1                ; 8 bits    ; 32 LEs        ; 16 LEs               ; 16 LEs                 ; Yes        ; |single_cycle|lsu:Lsu|sram[32][0]         ;
; 6:1                ; 8 bits    ; 32 LEs        ; 16 LEs               ; 16 LEs                 ; Yes        ; |single_cycle|lsu:Lsu|sram[31][7]         ;
; 6:1                ; 8 bits    ; 32 LEs        ; 16 LEs               ; 16 LEs                 ; Yes        ; |single_cycle|lsu:Lsu|sram[30][7]         ;
; 6:1                ; 8 bits    ; 32 LEs        ; 16 LEs               ; 16 LEs                 ; Yes        ; |single_cycle|lsu:Lsu|sram[29][3]         ;
; 6:1                ; 8 bits    ; 32 LEs        ; 16 LEs               ; 16 LEs                 ; Yes        ; |single_cycle|lsu:Lsu|sram[28][5]         ;
; 6:1                ; 8 bits    ; 32 LEs        ; 16 LEs               ; 16 LEs                 ; Yes        ; |single_cycle|lsu:Lsu|sram[27][7]         ;
; 6:1                ; 8 bits    ; 32 LEs        ; 16 LEs               ; 16 LEs                 ; Yes        ; |single_cycle|lsu:Lsu|sram[26][7]         ;
; 6:1                ; 8 bits    ; 32 LEs        ; 16 LEs               ; 16 LEs                 ; Yes        ; |single_cycle|lsu:Lsu|sram[25][3]         ;
; 6:1                ; 8 bits    ; 32 LEs        ; 16 LEs               ; 16 LEs                 ; Yes        ; |single_cycle|lsu:Lsu|sram[24][0]         ;
; 6:1                ; 8 bits    ; 32 LEs        ; 16 LEs               ; 16 LEs                 ; Yes        ; |single_cycle|lsu:Lsu|sram[23][3]         ;
; 6:1                ; 8 bits    ; 32 LEs        ; 16 LEs               ; 16 LEs                 ; Yes        ; |single_cycle|lsu:Lsu|sram[22][0]         ;
; 6:1                ; 8 bits    ; 32 LEs        ; 16 LEs               ; 16 LEs                 ; Yes        ; |single_cycle|lsu:Lsu|sram[21][0]         ;
; 6:1                ; 8 bits    ; 32 LEs        ; 16 LEs               ; 16 LEs                 ; Yes        ; |single_cycle|lsu:Lsu|sram[20][2]         ;
; 6:1                ; 8 bits    ; 32 LEs        ; 16 LEs               ; 16 LEs                 ; Yes        ; |single_cycle|lsu:Lsu|sram[19][1]         ;
; 6:1                ; 8 bits    ; 32 LEs        ; 16 LEs               ; 16 LEs                 ; Yes        ; |single_cycle|lsu:Lsu|sram[18][7]         ;
; 6:1                ; 8 bits    ; 32 LEs        ; 16 LEs               ; 16 LEs                 ; Yes        ; |single_cycle|lsu:Lsu|sram[17][1]         ;
; 6:1                ; 8 bits    ; 32 LEs        ; 16 LEs               ; 16 LEs                 ; Yes        ; |single_cycle|lsu:Lsu|sram[16][6]         ;
; 6:1                ; 8 bits    ; 32 LEs        ; 16 LEs               ; 16 LEs                 ; Yes        ; |single_cycle|lsu:Lsu|sram[15][6]         ;
; 6:1                ; 8 bits    ; 32 LEs        ; 16 LEs               ; 16 LEs                 ; Yes        ; |single_cycle|lsu:Lsu|sram[14][6]         ;
; 6:1                ; 8 bits    ; 32 LEs        ; 16 LEs               ; 16 LEs                 ; Yes        ; |single_cycle|lsu:Lsu|sram[13][5]         ;
; 6:1                ; 8 bits    ; 32 LEs        ; 16 LEs               ; 16 LEs                 ; Yes        ; |single_cycle|lsu:Lsu|sram[12][2]         ;
; 6:1                ; 8 bits    ; 32 LEs        ; 16 LEs               ; 16 LEs                 ; Yes        ; |single_cycle|lsu:Lsu|sram[11][2]         ;
; 6:1                ; 8 bits    ; 32 LEs        ; 16 LEs               ; 16 LEs                 ; Yes        ; |single_cycle|lsu:Lsu|sram[10][2]         ;
; 6:1                ; 8 bits    ; 32 LEs        ; 16 LEs               ; 16 LEs                 ; Yes        ; |single_cycle|lsu:Lsu|sram[9][3]          ;
; 6:1                ; 8 bits    ; 32 LEs        ; 16 LEs               ; 16 LEs                 ; Yes        ; |single_cycle|lsu:Lsu|sram[8][5]          ;
; 6:1                ; 8 bits    ; 32 LEs        ; 16 LEs               ; 16 LEs                 ; Yes        ; |single_cycle|lsu:Lsu|sram[7][0]          ;
; 6:1                ; 8 bits    ; 32 LEs        ; 16 LEs               ; 16 LEs                 ; Yes        ; |single_cycle|lsu:Lsu|sram[6][4]          ;
; 6:1                ; 8 bits    ; 32 LEs        ; 16 LEs               ; 16 LEs                 ; Yes        ; |single_cycle|lsu:Lsu|sram[5][7]          ;
; 6:1                ; 8 bits    ; 32 LEs        ; 16 LEs               ; 16 LEs                 ; Yes        ; |single_cycle|lsu:Lsu|sram[4][7]          ;
; 6:1                ; 8 bits    ; 32 LEs        ; 16 LEs               ; 16 LEs                 ; Yes        ; |single_cycle|lsu:Lsu|sram[3][7]          ;
; 6:1                ; 8 bits    ; 32 LEs        ; 16 LEs               ; 16 LEs                 ; Yes        ; |single_cycle|lsu:Lsu|sram[2][7]          ;
; 6:1                ; 8 bits    ; 32 LEs        ; 16 LEs               ; 16 LEs                 ; Yes        ; |single_cycle|lsu:Lsu|sram[1][1]          ;
; 6:1                ; 8 bits    ; 32 LEs        ; 16 LEs               ; 16 LEs                 ; Yes        ; |single_cycle|lsu:Lsu|sram[0][0]          ;
; 3:1                ; 4 bits    ; 8 LEs         ; 4 LEs                ; 4 LEs                  ; No         ; |single_cycle|ImmGen:immgen|Selector24    ;
; 3:1                ; 4 bits    ; 8 LEs         ; 8 LEs                ; 0 LEs                  ; No         ; |single_cycle|mux_2to1:mux213|y[6]        ;
; 8:1                ; 8 bits    ; 40 LEs        ; 16 LEs               ; 24 LEs                 ; No         ; |single_cycle|lsu:Lsu|Mux60               ;
; 8:1                ; 8 bits    ; 40 LEs        ; 16 LEs               ; 24 LEs                 ; No         ; |single_cycle|lsu:Lsu|Mux43               ;
; 4:1                ; 5 bits    ; 10 LEs        ; 10 LEs               ; 0 LEs                  ; No         ; |single_cycle|mux_2to1:mux213|y[20]       ;
; 16:1               ; 8 bits    ; 80 LEs        ; 24 LEs               ; 56 LEs                 ; No         ; |single_cycle|lsu:Lsu|Mux55               ;
; 16:1               ; 8 bits    ; 80 LEs        ; 24 LEs               ; 56 LEs                 ; No         ; |single_cycle|lsu:Lsu|Mux32               ;
; 64:1               ; 2 bits    ; 84 LEs        ; 4 LEs                ; 80 LEs                 ; No         ; |single_cycle|ctrl_unit:ctrl|Selector6    ;
; 7:1                ; 4 bits    ; 16 LEs        ; 8 LEs                ; 8 LEs                  ; No         ; |single_cycle|mux_2to1:mux213|y[25]       ;
; 33:1               ; 32 bits   ; 704 LEs       ; 704 LEs              ; 0 LEs                  ; No         ; |single_cycle|regfile:regf|o_rs1_data[11] ;
; 33:1               ; 32 bits   ; 704 LEs       ; 704 LEs              ; 0 LEs                  ; No         ; |single_cycle|regfile:regf|o_rs2_data[30] ;
; 20:1               ; 7 bits    ; 91 LEs        ; 56 LEs               ; 35 LEs                 ; No         ; |single_cycle|alu:Alu|Mux14               ;
; 19:1               ; 8 bits    ; 96 LEs        ; 64 LEs               ; 32 LEs                 ; No         ; |single_cycle|alu:Alu|Mux23               ;
; 21:1               ; 4 bits    ; 56 LEs        ; 36 LEs               ; 20 LEs                 ; No         ; |single_cycle|alu:Alu|Mux6                ;
; 20:1               ; 4 bits    ; 52 LEs        ; 36 LEs               ; 16 LEs                 ; No         ; |single_cycle|alu:Alu|Mux25               ;
; 11:1               ; 4 bits    ; 28 LEs        ; 16 LEs               ; 12 LEs                 ; No         ; |single_cycle|mux_2to1:mux213|y[2]        ;
; 9:1                ; 8 bits    ; 48 LEs        ; 24 LEs               ; 24 LEs                 ; No         ; |single_cycle|mux_2to1:mux213|y[17]       ;
; 22:1               ; 2 bits    ; 28 LEs        ; 20 LEs               ; 8 LEs                  ; No         ; |single_cycle|alu:Alu|Mux3                ;
; 21:1               ; 2 bits    ; 28 LEs        ; 18 LEs               ; 10 LEs                 ; No         ; |single_cycle|alu:Alu|Mux28               ;
; 97:1               ; 7 bits    ; 448 LEs       ; 364 LEs              ; 84 LEs                 ; No         ; |single_cycle|mux_3to1:mux31|Mux26        ;
; 100:1              ; 8 bits    ; 528 LEs       ; 424 LEs              ; 104 LEs                ; No         ; |single_cycle|mux_3to1:mux31|Mux12        ;
; 191:1              ; 7 bits    ; 889 LEs       ; 721 LEs              ; 168 LEs                ; No         ; |single_cycle|mux_3to1:mux31|Mux20        ;
; 192:1              ; 8 bits    ; 1024 LEs      ; 832 LEs              ; 192 LEs                ; No         ; |single_cycle|mux_3to1:mux31|Mux2         ;
+--------------------+-----------+---------------+----------------------+------------------------+------------+-------------------------------------------+


+------------------------------------------------------+
; Parameter Settings for User Entity Instance: lsu:Lsu ;
+----------------------+-------+-----------------------+
; Parameter Name       ; Value ; Type                  ;
+----------------------+-------+-----------------------+
; w                    ; 00    ; Unsigned Binary       ;
; hw                   ; 01    ; Unsigned Binary       ;
; b                    ; 10    ; Unsigned Binary       ;
; is_input_peripheral  ; 00    ; Unsigned Binary       ;
; is_output_peripheral ; 01    ; Unsigned Binary       ;
; is_data_memory       ; 10    ; Unsigned Binary       ;
+----------------------+-------+-----------------------+
Note: In order to hide this table in the UI and the text report file, please set the "Show Parameter Settings in Synthesis Report" option in "Analysis and Synthesis Settings -> More Settings" to "Off".


+-----------------------------------------------------------------------------------------------------------------------------------------+
; Port Connectivity Checks: "regfile:regf"                                                                                                ;
+----------+--------+----------+----------------------------------------------------------------------------------------------------------+
; Port     ; Type   ; Severity ; Details                                                                                                  ;
+----------+--------+----------+----------------------------------------------------------------------------------------------------------+
; checker1 ; Output ; Warning  ; Declared by entity but not connected by instance. Logic that only feeds a dangling port will be removed. ;
; checker8 ; Output ; Warning  ; Declared by entity but not connected by instance. Logic that only feeds a dangling port will be removed. ;
+----------+--------+----------+----------------------------------------------------------------------------------------------------------+


+----------------------------------------------------------------------------------------------------------------------------------------------------------------------------------------------------------------+
; Port Connectivity Checks: "pc:Pc"                                                                                                                                                                              ;
+--------+-------+----------+------------------------------------------------------------------------------------------------------------------------------------------------------------------------------------+
; Port   ; Type  ; Severity ; Details                                                                                                                                                                            ;
+--------+-------+----------+------------------------------------------------------------------------------------------------------------------------------------------------------------------------------------+
; en     ; Input ; Warning  ; Input port expression (32 bits) is wider than the input port (1 bits) it drives.  The 31 most-significant bit(s) in the expression will be dangling if they have no other fanouts. ;
; en[-1] ; Input ; Info     ; Stuck at VCC                                                                                                                                                                       ;
+--------+-------+----------+------------------------------------------------------------------------------------------------------------------------------------------------------------------------------------+


+-------------------------------+
; Elapsed Time Per Partition    ;
+----------------+--------------+
; Partition Name ; Elapsed Time ;
+----------------+--------------+
; Top            ; 00:01:29     ;
+----------------+--------------+


+-------------------------------+
; Analysis & Synthesis Messages ;
+-------------------------------+
Info: *******************************************************************
Info: Running Quartus II 64-Bit Analysis & Synthesis
    Info: Version 13.0.1 Build 232 06/12/2013 Service Pack 1 SJ Web Edition
    Info: Processing started: Mon Dec 09 20:51:35 2024
Info: Command: quartus_map --read_settings_files=on --write_settings_files=off single_cycle -c single_cycle
Warning (20028): Parallel compilation is not licensed and has been disabled
Info (12021): Found 1 design units, including 1 entities, in source file alu.sv
    Info (12023): Found entity 1: alu
Info (12021): Found 1 design units, including 1 entities, in source file brc.sv
    Info (12023): Found entity 1: brc
Info (12021): Found 1 design units, including 1 entities, in source file ctrl_unit.sv
    Info (12023): Found entity 1: ctrl_unit
Info (12021): Found 1 design units, including 1 entities, in source file i$.sv
    Info (12023): Found entity 1: I$
Info (12021): Found 1 design units, including 1 entities, in source file immgen.sv
    Info (12023): Found entity 1: ImmGen
Info (12021): Found 1 design units, including 1 entities, in source file insn_vld.sv
    Info (12023): Found entity 1: insn_vld
Info (12021): Found 1 design units, including 1 entities, in source file lsu.sv
    Info (12023): Found entity 1: lsu
Info (12021): Found 1 design units, including 1 entities, in source file mux_2to1.sv
    Info (12023): Found entity 1: mux_2to1
Info (12021): Found 1 design units, including 1 entities, in source file mux_3to1.sv
    Info (12023): Found entity 1: mux_3to1
Info (12021): Found 1 design units, including 1 entities, in source file pc.sv
    Info (12023): Found entity 1: pc
Info (12021): Found 1 design units, including 1 entities, in source file pc_adder.sv
    Info (12023): Found entity 1: pc_adder
Info (12021): Found 1 design units, including 1 entities, in source file pc_debug.sv
    Info (12023): Found entity 1: pc_debug
Info (12021): Found 1 design units, including 1 entities, in source file regfile.sv
    Info (12023): Found entity 1: regfile
Info (12021): Found 1 design units, including 1 entities, in source file single_cycle.sv
    Info (12023): Found entity 1: single_cycle
Warning (10236): Verilog HDL Implicit Net warning at lsu.sv(109): created implicit net for "p"
Warning (10236): Verilog HDL Implicit Net warning at single_cycle.sv(47): created implicit net for "t"
Warning (10236): Verilog HDL Implicit Net warning at single_cycle.sv(48): created implicit net for "l"
Info (12127): Elaborating entity "single_cycle" for the top level hierarchy
Warning (10036): Verilog HDL or VHDL warning at single_cycle.sv(47): object "t" assigned a value but never read
Warning (10036): Verilog HDL or VHDL warning at single_cycle.sv(48): object "l" assigned a value but never read
Warning (10230): Verilog HDL assignment warning at single_cycle.sv(47): truncated value with size 2 to match size of target (1)
Warning (10230): Verilog HDL assignment warning at single_cycle.sv(48): truncated value with size 32 to match size of target (1)
Info (12128): Elaborating entity "mux_2to1" for hierarchy "mux_2to1:mux211"
Info (12128): Elaborating entity "pc" for hierarchy "pc:Pc"
Info (12128): Elaborating entity "pc_adder" for hierarchy "pc_adder:adder"
Info (12128): Elaborating entity "I$" for hierarchy "I$:i$"
Warning (10850): Verilog HDL warning at I$.sv(8): number of words (163) in memory file does not match the number of elements in the address range [0:2048]
Warning (10030): Net "instructions_value.data_a" at I$.sv(5) has no driver or initial value, using a default initial value '0'
Warning (10030): Net "instructions_value.waddr_a" at I$.sv(5) has no driver or initial value, using a default initial value '0'
Warning (10030): Net "instructions_value.we_a" at I$.sv(5) has no driver or initial value, using a default initial value '0'
Info (12128): Elaborating entity "regfile" for hierarchy "regfile:regf"
Info (12128): Elaborating entity "ImmGen" for hierarchy "ImmGen:immgen"
Info (12128): Elaborating entity "brc" for hierarchy "brc:Brc"
Info (12128): Elaborating entity "alu" for hierarchy "alu:Alu"
Info (12128): Elaborating entity "lsu" for hierarchy "lsu:Lsu"
Warning (10036): Verilog HDL or VHDL warning at lsu.sv(109): object "p" assigned a value but never read
Warning (10230): Verilog HDL assignment warning at lsu.sv(109): truncated value with size 4 to match size of target (1)
Warning (10270): Verilog HDL Case Statement warning at lsu.sv(167): incomplete case statement has no default case item
Info (10264): Verilog HDL Case Statement information at lsu.sv(167): all case item expressions in this case statement are onehot
Warning (10030): Net "lcd_control[15..4]" at lsu.sv(62) has no driver or initial value, using a default initial value '0'
Warning (10030): Net "green_leds[15..4]" at lsu.sv(66) has no driver or initial value, using a default initial value '0'
Warning (10030): Net "red_leds[15..4]" at lsu.sv(68) has no driver or initial value, using a default initial value '0'
Warning (10030): Net "switches[15..4]" at lsu.sv(75) has no driver or initial value, using a default initial value '0'
Warning (10030): Net "buttons[15..1]" at lsu.sv(76) has no driver or initial value, using a default initial value '0'
Info (12128): Elaborating entity "mux_3to1" for hierarchy "mux_3to1:mux31"
Info (12128): Elaborating entity "pc_debug" for hierarchy "pc_debug:pc_de"
Info (12128): Elaborating entity "insn_vld" for hierarchy "insn_vld:ins_vld"
Info (12128): Elaborating entity "ctrl_unit" for hierarchy "ctrl_unit:ctrl"
Warning (10270): Verilog HDL Case Statement warning at ctrl_unit.sv(37): incomplete case statement has no default case item
Warning (13046): Tri-state node(s) do not directly drive top-level pin(s)
    Warning (13049): Converted tri-state buffer "lsu:Lsu|o_ld_data[0]" feeding internal logic into a wire
    Warning (13049): Converted tri-state buffer "lsu:Lsu|o_ld_data[1]" feeding internal logic into a wire
    Warning (13049): Converted tri-state buffer "lsu:Lsu|o_ld_data[2]" feeding internal logic into a wire
    Warning (13049): Converted tri-state buffer "lsu:Lsu|o_ld_data[3]" feeding internal logic into a wire
    Warning (13049): Converted tri-state buffer "lsu:Lsu|o_ld_data[4]" feeding internal logic into a wire
    Warning (13049): Converted tri-state buffer "lsu:Lsu|o_ld_data[5]" feeding internal logic into a wire
    Warning (13049): Converted tri-state buffer "lsu:Lsu|o_ld_data[6]" feeding internal logic into a wire
    Warning (13049): Converted tri-state buffer "lsu:Lsu|o_ld_data[7]" feeding internal logic into a wire
    Warning (13049): Converted tri-state buffer "lsu:Lsu|ld_data[8]" feeding internal logic into a wire
    Warning (13049): Converted tri-state buffer "lsu:Lsu|ld_data[9]" feeding internal logic into a wire
    Warning (13049): Converted tri-state buffer "lsu:Lsu|ld_data[10]" feeding internal logic into a wire
    Warning (13049): Converted tri-state buffer "lsu:Lsu|ld_data[11]" feeding internal logic into a wire
    Warning (13049): Converted tri-state buffer "lsu:Lsu|ld_data[12]" feeding internal logic into a wire
    Warning (13049): Converted tri-state buffer "lsu:Lsu|ld_data[13]" feeding internal logic into a wire
    Warning (13049): Converted tri-state buffer "lsu:Lsu|ld_data[14]" feeding internal logic into a wire
    Warning (13049): Converted tri-state buffer "lsu:Lsu|ld_data[15]" feeding internal logic into a wire
    Warning (13049): Converted tri-state buffer "lsu:Lsu|ld_data[16]" feeding internal logic into a wire
    Warning (13049): Converted tri-state buffer "lsu:Lsu|ld_data[17]" feeding internal logic into a wire
    Warning (13049): Converted tri-state buffer "lsu:Lsu|ld_data[18]" feeding internal logic into a wire
    Warning (13049): Converted tri-state buffer "lsu:Lsu|ld_data[19]" feeding internal logic into a wire
    Warning (13049): Converted tri-state buffer "lsu:Lsu|ld_data[20]" feeding internal logic into a wire
    Warning (13049): Converted tri-state buffer "lsu:Lsu|ld_data[21]" feeding internal logic into a wire
    Warning (13049): Converted tri-state buffer "lsu:Lsu|ld_data[22]" feeding internal logic into a wire
    Warning (13049): Converted tri-state buffer "lsu:Lsu|ld_data[23]" feeding internal logic into a wire
    Warning (13049): Converted tri-state buffer "lsu:Lsu|ld_data[24]" feeding internal logic into a wire
    Warning (13049): Converted tri-state buffer "lsu:Lsu|ld_data[25]" feeding internal logic into a wire
    Warning (13049): Converted tri-state buffer "lsu:Lsu|ld_data[26]" feeding internal logic into a wire
    Warning (13049): Converted tri-state buffer "lsu:Lsu|ld_data[27]" feeding internal logic into a wire
    Warning (13049): Converted tri-state buffer "lsu:Lsu|ld_data[28]" feeding internal logic into a wire
    Warning (13049): Converted tri-state buffer "lsu:Lsu|ld_data[29]" feeding internal logic into a wire
    Warning (13049): Converted tri-state buffer "lsu:Lsu|ld_data[30]" feeding internal logic into a wire
    Warning (13049): Converted tri-state buffer "lsu:Lsu|ld_data[31]" feeding internal logic into a wire
Critical Warning (127005): Memory depth (4096) in the design file differs from memory depth (2049) in the Memory Initialization File "C:/Users/Admin/Documents/SEM241/Computer_Organization_and_Design_(EE4423)/milestone/ctmt/milestone2/db/single_cycle.ram0_I$_91f.hdl.mif" -- setting initial value for remaining addresses to 0
Warning (127007): Memory Initialization File or Hexadecimal (Intel-Format) File "C:/Users/Admin/Documents/SEM241/Computer_Organization_and_Design_(EE4423)/milestone/ctmt/milestone2/db/single_cycle.ram0_I$_91f.hdl.mif" contains "don't care" values -- overwriting them with 0s
Warning (12241): 2 hierarchies have connectivity warnings - see the Connectivity Checks report folder
Info (144001): Generated suppressed messages file C:/Users/Admin/Documents/SEM241/Computer_Organization_and_Design_(EE4423)/milestone/ctmt/milestone2/output_files/single_cycle.map.smsg
Info (16010): Generating hard_block partition "hard_block:auto_generated_inst"
    Info (16011): Adding 0 node(s), including 0 DDIO, 0 PLL, 0 transceiver and 0 LCELL
Info (21057): Implemented 11963 device resources after synthesis - the final resource count might be different
    Info (21058): Implemented 38 input pins
    Info (21059): Implemented 281 output pins
    Info (21061): Implemented 11644 logic cells
Info: Quartus II 64-Bit Analysis & Synthesis was successful. 0 errors, 57 warnings
    Info: Peak virtual memory: 4630 megabytes
    Info: Processing ended: Mon Dec 09 20:53:07 2024
    Info: Elapsed time: 00:01:32
    Info: Total CPU time (on all processors): 00:01:31


+------------------------------------------+
; Analysis & Synthesis Suppressed Messages ;
+------------------------------------------+
The suppressed messages can be found in C:/Users/Admin/Documents/SEM241/Computer_Organization_and_Design_(EE4423)/milestone/ctmt/milestone2/output_files/single_cycle.map.smsg.


