Analysis & Synthesis report for pipeline
Mon Dec 09 21:12:07 2024
Quartus II 64-Bit Version 13.0.1 Build 232 06/12/2013 Service Pack 1 SJ Web Edition


---------------------
; Table of Contents ;
---------------------
  1. Legal Notice
  2. Analysis & Synthesis Summary
  3. Analysis & Synthesis Settings
  4. Parallel Compilation
  5. Analysis & Synthesis Source Files Read
  6. Analysis & Synthesis Resource Usage Summary
  7. Analysis & Synthesis Resource Utilization by Entity
  8. Analysis & Synthesis RAM Summary
  9. Registers Removed During Synthesis
 10. General Register Statistics
 11. Inverted Register Statistics
 12. Registers Packed Into Inferred Megafunctions
 13. Multiplexer Restructuring Statistics (Restructuring Performed)
 14. Source assignments for second_register:secondDff|altshift_taps:wb_selE_rtl_0|shift_taps_pfm:auto_generated|altsyncram_9461:altsyncram4
 15. Parameter Settings for User Entity Instance: lsu:Lsu
 16. Parameter Settings for Inferred Entity Instance: second_register:secondDff|altshift_taps:wb_selE_rtl_0
 17. altshift_taps Parameter Settings by Entity Instance
 18. Port Connectivity Checks: "hazard_unit:hazard"
 19. Port Connectivity Checks: "mux_2to1:brctropasel"
 20. Port Connectivity Checks: "mux_2to1:brctrpcsel"
 21. Port Connectivity Checks: "second_register:secondDff"
 22. Port Connectivity Checks: "pc:Pc"
 23. Elapsed Time Per Partition
 24. Analysis & Synthesis Messages
 25. Analysis & Synthesis Suppressed Messages



----------------
; Legal Notice ;
----------------
Copyright (C) 1991-2013 Altera Corporation
Your use of Altera Corporation's design tools, logic functions 
and other software and tools, and its AMPP partner logic 
functions, and any output files from any of the foregoing 
(including device programming or simulation files), and any 
associated documentation or information are expressly subject 
to the terms and conditions of the Altera Program License 
Subscription Agreement, Altera MegaCore Function License 
Agreement, or other applicable license agreement, including, 
without limitation, that your use is for the sole purpose of 
programming logic devices manufactured by Altera and sold by 
Altera or its authorized distributors.  Please refer to the 
applicable agreement for further details.



+--------------------------------------------------------------------------------------+
; Analysis & Synthesis Summary                                                         ;
+------------------------------------+-------------------------------------------------+
; Analysis & Synthesis Status        ; Successful - Mon Dec 09 21:12:07 2024           ;
; Quartus II 64-Bit Version          ; 13.0.1 Build 232 06/12/2013 SP 1 SJ Web Edition ;
; Revision Name                      ; pipeline                                        ;
; Top-level Entity Name              ; pipeline                                        ;
; Family                             ; Cyclone II                                      ;
; Total logic elements               ; 12,037                                          ;
;     Total combinational functions  ; 10,840                                          ;
;     Dedicated logic registers      ; 2,682                                           ;
; Total registers                    ; 2682                                            ;
; Total pins                         ; 383                                             ;
; Total virtual pins                 ; 0                                               ;
; Total memory bits                  ; 93                                              ;
; Embedded Multiplier 9-bit elements ; 0                                               ;
; Total PLLs                         ; 0                                               ;
+------------------------------------+-------------------------------------------------+


+----------------------------------------------------------------------------------------------------------------------+
; Analysis & Synthesis Settings                                                                                        ;
+----------------------------------------------------------------------------+--------------------+--------------------+
; Option                                                                     ; Setting            ; Default Value      ;
+----------------------------------------------------------------------------+--------------------+--------------------+
; Device                                                                     ; EP2C35F672C6       ;                    ;
; Top-level entity name                                                      ; pipeline           ; pipeline           ;
; Family name                                                                ; Cyclone II         ; Cyclone IV GX      ;
; Use smart compilation                                                      ; Off                ; Off                ;
; Enable parallel Assembler and TimeQuest Timing Analyzer during compilation ; On                 ; On                 ;
; Enable compact report table                                                ; Off                ; Off                ;
; Restructure Multiplexers                                                   ; Auto               ; Auto               ;
; Create Debugging Nodes for IP Cores                                        ; Off                ; Off                ;
; Preserve fewer node names                                                  ; On                 ; On                 ;
; Disable OpenCore Plus hardware evaluation                                  ; Off                ; Off                ;
; Verilog Version                                                            ; Verilog_2001       ; Verilog_2001       ;
; VHDL Version                                                               ; VHDL_1993          ; VHDL_1993          ;
; State Machine Processing                                                   ; Auto               ; Auto               ;
; Safe State Machine                                                         ; Off                ; Off                ;
; Extract Verilog State Machines                                             ; On                 ; On                 ;
; Extract VHDL State Machines                                                ; On                 ; On                 ;
; Ignore Verilog initial constructs                                          ; Off                ; Off                ;
; Iteration limit for constant Verilog loops                                 ; 5000               ; 5000               ;
; Iteration limit for non-constant Verilog loops                             ; 250                ; 250                ;
; Add Pass-Through Logic to Inferred RAMs                                    ; On                 ; On                 ;
; Infer RAMs from Raw Logic                                                  ; On                 ; On                 ;
; Parallel Synthesis                                                         ; On                 ; On                 ;
; DSP Block Balancing                                                        ; Auto               ; Auto               ;
; NOT Gate Push-Back                                                         ; On                 ; On                 ;
; Power-Up Don't Care                                                        ; On                 ; On                 ;
; Remove Redundant Logic Cells                                               ; Off                ; Off                ;
; Remove Duplicate Registers                                                 ; On                 ; On                 ;
; Ignore CARRY Buffers                                                       ; Off                ; Off                ;
; Ignore CASCADE Buffers                                                     ; Off                ; Off                ;
; Ignore GLOBAL Buffers                                                      ; Off                ; Off                ;
; Ignore ROW GLOBAL Buffers                                                  ; Off                ; Off                ;
; Ignore LCELL Buffers                                                       ; Off                ; Off                ;
; Ignore SOFT Buffers                                                        ; On                 ; On                 ;
; Limit AHDL Integers to 32 Bits                                             ; Off                ; Off                ;
; Optimization Technique                                                     ; Balanced           ; Balanced           ;
; Carry Chain Length                                                         ; 70                 ; 70                 ;
; Auto Carry Chains                                                          ; On                 ; On                 ;
; Auto Open-Drain Pins                                                       ; On                 ; On                 ;
; Perform WYSIWYG Primitive Resynthesis                                      ; Off                ; Off                ;
; Auto ROM Replacement                                                       ; On                 ; On                 ;
; Auto RAM Replacement                                                       ; On                 ; On                 ;
; Auto Shift Register Replacement                                            ; Auto               ; Auto               ;
; Allow Shift Register Merging across Hierarchies                            ; Auto               ; Auto               ;
; Auto Clock Enable Replacement                                              ; On                 ; On                 ;
; Strict RAM Replacement                                                     ; Off                ; Off                ;
; Allow Synchronous Control Signals                                          ; On                 ; On                 ;
; Force Use of Synchronous Clear Signals                                     ; Off                ; Off                ;
; Auto RAM to Logic Cell Conversion                                          ; Off                ; Off                ;
; Auto Resource Sharing                                                      ; Off                ; Off                ;
; Allow Any RAM Size For Recognition                                         ; Off                ; Off                ;
; Allow Any ROM Size For Recognition                                         ; Off                ; Off                ;
; Allow Any Shift Register Size For Recognition                              ; Off                ; Off                ;
; Use LogicLock Constraints during Resource Balancing                        ; On                 ; On                 ;
; Ignore translate_off and synthesis_off directives                          ; Off                ; Off                ;
; Timing-Driven Synthesis                                                    ; Off                ; Off                ;
; Report Parameter Settings                                                  ; On                 ; On                 ;
; Report Source Assignments                                                  ; On                 ; On                 ;
; Report Connectivity Checks                                                 ; On                 ; On                 ;
; Ignore Maximum Fan-Out Assignments                                         ; Off                ; Off                ;
; Synchronization Register Chain Length                                      ; 2                  ; 2                  ;
; PowerPlay Power Optimization                                               ; Normal compilation ; Normal compilation ;
; HDL message level                                                          ; Level2             ; Level2             ;
; Suppress Register Optimization Related Messages                            ; Off                ; Off                ;
; Number of Removed Registers Reported in Synthesis Report                   ; 5000               ; 5000               ;
; Number of Swept Nodes Reported in Synthesis Report                         ; 5000               ; 5000               ;
; Number of Inverted Registers Reported in Synthesis Report                  ; 100                ; 100                ;
; Clock MUX Protection                                                       ; On                 ; On                 ;
; Auto Gated Clock Conversion                                                ; Off                ; Off                ;
; Block Design Naming                                                        ; Auto               ; Auto               ;
; SDC constraint protection                                                  ; Off                ; Off                ;
; Synthesis Effort                                                           ; Auto               ; Auto               ;
; Shift Register Replacement - Allow Asynchronous Clear Signal               ; On                 ; On                 ;
; Pre-Mapping Resynthesis Optimization                                       ; Off                ; Off                ;
; Analysis & Synthesis Message Level                                         ; Medium             ; Medium             ;
; Disable Register Merging Across Hierarchies                                ; Auto               ; Auto               ;
; Resource Aware Inference For Block RAM                                     ; On                 ; On                 ;
; Synthesis Seed                                                             ; 1                  ; 1                  ;
+----------------------------------------------------------------------------+--------------------+--------------------+


Parallel compilation was disabled, but you have multiple processors available. Enable parallel compilation to reduce compilation time.
+-------------------------------------+
; Parallel Compilation                ;
+----------------------------+--------+
; Processors                 ; Number ;
+----------------------------+--------+
; Number detected on machine ; 12     ;
; Maximum allowed            ; 1      ;
+----------------------------+--------+


+--------------------------------------------------------------------------------------------------------------------------------------------------------------------------------------------------------------------------------+
; Analysis & Synthesis Source Files Read                                                                                                                                                                                         ;
+----------------------------------+-----------------+------------------------------------+----------------------------------------------------------------------------------------------------------------------------+---------+
; File Name with User-Entered Path ; Used in Netlist ; File Type                          ; File Name with Absolute Path                                                                                               ; Library ;
+----------------------------------+-----------------+------------------------------------+----------------------------------------------------------------------------------------------------------------------------+---------+
; hazard_unit.sv                   ; yes             ; User SystemVerilog HDL File        ; C:/Users/Admin/Documents/SEM241/Computer_Organization_and_Design_(EE4423)/milestone/ctmt/milestone3/hazard_unit.sv         ;         ;
; instruction.txt                  ; yes             ; User File                          ; C:/Users/Admin/Documents/SEM241/Computer_Organization_and_Design_(EE4423)/milestone/ctmt/milestone3/instruction.txt        ;         ;
; third_register.sv                ; yes             ; User SystemVerilog HDL File        ; C:/Users/Admin/Documents/SEM241/Computer_Organization_and_Design_(EE4423)/milestone/ctmt/milestone3/third_register.sv      ;         ;
; second_register.sv               ; yes             ; User SystemVerilog HDL File        ; C:/Users/Admin/Documents/SEM241/Computer_Organization_and_Design_(EE4423)/milestone/ctmt/milestone3/second_register.sv     ;         ;
; regfile.sv                       ; yes             ; User SystemVerilog HDL File        ; C:/Users/Admin/Documents/SEM241/Computer_Organization_and_Design_(EE4423)/milestone/ctmt/milestone3/regfile.sv             ;         ;
; pipeline.sv                      ; yes             ; User SystemVerilog HDL File        ; C:/Users/Admin/Documents/SEM241/Computer_Organization_and_Design_(EE4423)/milestone/ctmt/milestone3/pipeline.sv            ;         ;
; pc_adder.sv                      ; yes             ; User SystemVerilog HDL File        ; C:/Users/Admin/Documents/SEM241/Computer_Organization_and_Design_(EE4423)/milestone/ctmt/milestone3/pc_adder.sv            ;         ;
; pc.sv                            ; yes             ; User SystemVerilog HDL File        ; C:/Users/Admin/Documents/SEM241/Computer_Organization_and_Design_(EE4423)/milestone/ctmt/milestone3/pc.sv                  ;         ;
; mux_3to1.sv                      ; yes             ; User SystemVerilog HDL File        ; C:/Users/Admin/Documents/SEM241/Computer_Organization_and_Design_(EE4423)/milestone/ctmt/milestone3/mux_3to1.sv            ;         ;
; mux_2to1.sv                      ; yes             ; User SystemVerilog HDL File        ; C:/Users/Admin/Documents/SEM241/Computer_Organization_and_Design_(EE4423)/milestone/ctmt/milestone3/mux_2to1.sv            ;         ;
; lsu.sv                           ; yes             ; User SystemVerilog HDL File        ; C:/Users/Admin/Documents/SEM241/Computer_Organization_and_Design_(EE4423)/milestone/ctmt/milestone3/lsu.sv                 ;         ;
; insn_vld.sv                      ; yes             ; User SystemVerilog HDL File        ; C:/Users/Admin/Documents/SEM241/Computer_Organization_and_Design_(EE4423)/milestone/ctmt/milestone3/insn_vld.sv            ;         ;
; ImmGen.sv                        ; yes             ; User SystemVerilog HDL File        ; C:/Users/Admin/Documents/SEM241/Computer_Organization_and_Design_(EE4423)/milestone/ctmt/milestone3/ImmGen.sv              ;         ;
; I$.sv                            ; yes             ; User SystemVerilog HDL File        ; C:/Users/Admin/Documents/SEM241/Computer_Organization_and_Design_(EE4423)/milestone/ctmt/milestone3/I$.sv                  ;         ;
; fourth_register.sv               ; yes             ; User SystemVerilog HDL File        ; C:/Users/Admin/Documents/SEM241/Computer_Organization_and_Design_(EE4423)/milestone/ctmt/milestone3/fourth_register.sv     ;         ;
; first_register.sv                ; yes             ; User SystemVerilog HDL File        ; C:/Users/Admin/Documents/SEM241/Computer_Organization_and_Design_(EE4423)/milestone/ctmt/milestone3/first_register.sv      ;         ;
; ctrl_unit.sv                     ; yes             ; User SystemVerilog HDL File        ; C:/Users/Admin/Documents/SEM241/Computer_Organization_and_Design_(EE4423)/milestone/ctmt/milestone3/ctrl_unit.sv           ;         ;
; brc.sv                           ; yes             ; User SystemVerilog HDL File        ; C:/Users/Admin/Documents/SEM241/Computer_Organization_and_Design_(EE4423)/milestone/ctmt/milestone3/brc.sv                 ;         ;
; alu.sv                           ; yes             ; User SystemVerilog HDL File        ; C:/Users/Admin/Documents/SEM241/Computer_Organization_and_Design_(EE4423)/milestone/ctmt/milestone3/alu.sv                 ;         ;
; br_ctr_unit.sv                   ; yes             ; Auto-Found SystemVerilog HDL File  ; C:/Users/Admin/Documents/SEM241/Computer_Organization_and_Design_(EE4423)/milestone/ctmt/milestone3/br_ctr_unit.sv         ;         ;
; altshift_taps.tdf                ; yes             ; Megafunction                       ; c:/altera/13.0sp1/quartus/libraries/megafunctions/altshift_taps.tdf                                                        ;         ;
; altdpram.inc                     ; yes             ; Megafunction                       ; c:/altera/13.0sp1/quartus/libraries/megafunctions/altdpram.inc                                                             ;         ;
; lpm_counter.inc                  ; yes             ; Megafunction                       ; c:/altera/13.0sp1/quartus/libraries/megafunctions/lpm_counter.inc                                                          ;         ;
; lpm_compare.inc                  ; yes             ; Megafunction                       ; c:/altera/13.0sp1/quartus/libraries/megafunctions/lpm_compare.inc                                                          ;         ;
; lpm_constant.inc                 ; yes             ; Megafunction                       ; c:/altera/13.0sp1/quartus/libraries/megafunctions/lpm_constant.inc                                                         ;         ;
; db/shift_taps_pfm.tdf            ; yes             ; Auto-Generated Megafunction        ; C:/Users/Admin/Documents/SEM241/Computer_Organization_and_Design_(EE4423)/milestone/ctmt/milestone3/db/shift_taps_pfm.tdf  ;         ;
; db/altsyncram_9461.tdf           ; yes             ; Auto-Generated Megafunction        ; C:/Users/Admin/Documents/SEM241/Computer_Organization_and_Design_(EE4423)/milestone/ctmt/milestone3/db/altsyncram_9461.tdf ;         ;
; db/add_sub_gvd.tdf               ; yes             ; Auto-Generated Megafunction        ; C:/Users/Admin/Documents/SEM241/Computer_Organization_and_Design_(EE4423)/milestone/ctmt/milestone3/db/add_sub_gvd.tdf     ;         ;
; db/cntr_kkf.tdf                  ; yes             ; Auto-Generated Megafunction        ; C:/Users/Admin/Documents/SEM241/Computer_Organization_and_Design_(EE4423)/milestone/ctmt/milestone3/db/cntr_kkf.tdf        ;         ;
; db/cmpr_6cc.tdf                  ; yes             ; Auto-Generated Megafunction        ; C:/Users/Admin/Documents/SEM241/Computer_Organization_and_Design_(EE4423)/milestone/ctmt/milestone3/db/cmpr_6cc.tdf        ;         ;
; db/cntr_74h.tdf                  ; yes             ; Auto-Generated Megafunction        ; C:/Users/Admin/Documents/SEM241/Computer_Organization_and_Design_(EE4423)/milestone/ctmt/milestone3/db/cntr_74h.tdf        ;         ;
+----------------------------------+-----------------+------------------------------------+----------------------------------------------------------------------------------------------------------------------------+---------+


+------------------------------------------------------+
; Analysis & Synthesis Resource Usage Summary          ;
+---------------------------------------------+--------+
; Resource                                    ; Usage  ;
+---------------------------------------------+--------+
; Estimated Total logic elements              ; 12,037 ;
;                                             ;        ;
; Total combinational functions               ; 10840  ;
; Logic element usage by number of LUT inputs ;        ;
;     -- 4 input functions                    ; 8074   ;
;     -- 3 input functions                    ; 2320   ;
;     -- <=2 input functions                  ; 446    ;
;                                             ;        ;
; Logic elements by mode                      ;        ;
;     -- normal mode                          ; 10649  ;
;     -- arithmetic mode                      ; 191    ;
;                                             ;        ;
; Total registers                             ; 2682   ;
;     -- Dedicated logic registers            ; 2682   ;
;     -- I/O registers                        ; 0      ;
;                                             ;        ;
; I/O pins                                    ; 383    ;
; Total memory bits                           ; 93     ;
; Embedded Multiplier 9-bit elements          ; 0      ;
; Maximum fan-out node                        ; i_clk  ;
; Maximum fan-out                             ; 2713   ;
; Total fan-out                               ; 49136  ;
; Average fan-out                             ; 3.53   ;
+---------------------------------------------+--------+


+--------------------------------------------------------------------------------------------------------------------------------------------------------------------------------------------------------------------------------------------------------------------------------------------------+
; Analysis & Synthesis Resource Utilization by Entity                                                                                                                                                                                                                                              ;
+-------------------------------------------+-------------------+--------------+-------------+--------------+---------+-----------+------+--------------+---------------------------------------------------------------------------------------------------------------------------+--------------+
; Compilation Hierarchy Node                ; LC Combinationals ; LC Registers ; Memory Bits ; DSP Elements ; DSP 9x9 ; DSP 18x18 ; Pins ; Virtual Pins ; Full Hierarchy Name                                                                                                       ; Library Name ;
+-------------------------------------------+-------------------+--------------+-------------+--------------+---------+-----------+------+--------------+---------------------------------------------------------------------------------------------------------------------------+--------------+
; |pipeline                                 ; 10840 (0)         ; 2682 (0)     ; 93          ; 0            ; 0       ; 0         ; 383  ; 0            ; |pipeline                                                                                                                 ; work         ;
;    |I$:i$|                                ; 364 (364)         ; 0 (0)        ; 0           ; 0            ; 0       ; 0         ; 0    ; 0            ; |pipeline|I$:i$                                                                                                           ; work         ;
;    |ImmGen:immgen|                        ; 25 (25)           ; 0 (0)        ; 0           ; 0            ; 0       ; 0         ; 0    ; 0            ; |pipeline|ImmGen:immgen                                                                                                   ; work         ;
;    |alu:Alu|                              ; 704 (704)         ; 0 (0)        ; 0           ; 0            ; 0       ; 0         ; 0    ; 0            ; |pipeline|alu:Alu                                                                                                         ; work         ;
;    |br_ctr_unit:brctr|                    ; 2 (2)             ; 0 (0)        ; 0           ; 0            ; 0       ; 0         ; 0    ; 0            ; |pipeline|br_ctr_unit:brctr                                                                                               ; work         ;
;    |brc:Brc|                              ; 83 (83)           ; 0 (0)        ; 0           ; 0            ; 0       ; 0         ; 0    ; 0            ; |pipeline|brc:Brc                                                                                                         ; work         ;
;    |ctrl_unit:ctrl|                       ; 25 (25)           ; 0 (0)        ; 0           ; 0            ; 0       ; 0         ; 0    ; 0            ; |pipeline|ctrl_unit:ctrl                                                                                                  ; work         ;
;    |first_register:firstDff|              ; 95 (95)           ; 91 (91)      ; 0           ; 0            ; 0       ; 0         ; 0    ; 0            ; |pipeline|first_register:firstDff                                                                                         ; work         ;
;    |fourth_register:fourthDff|            ; 35 (35)           ; 105 (105)    ; 0           ; 0            ; 0       ; 0         ; 0    ; 0            ; |pipeline|fourth_register:fourthDff                                                                                       ; work         ;
;    |hazard_unit:hazard|                   ; 29 (29)           ; 0 (0)        ; 0           ; 0            ; 0       ; 0         ; 0    ; 0            ; |pipeline|hazard_unit:hazard                                                                                              ; work         ;
;    |insn_vld:ins_vld|                     ; 0 (0)             ; 1 (1)        ; 0           ; 0            ; 0       ; 0         ; 0    ; 0            ; |pipeline|insn_vld:ins_vld                                                                                                ; work         ;
;    |lsu:Lsu|                              ; 7544 (7544)       ; 1184 (1184)  ; 0           ; 0            ; 0       ; 0         ; 0    ; 0            ; |pipeline|lsu:Lsu                                                                                                         ; work         ;
;    |mux_2to1:brctropasel|                 ; 1 (1)             ; 0 (0)        ; 0           ; 0            ; 0       ; 0         ; 0    ; 0            ; |pipeline|mux_2to1:brctropasel                                                                                            ; work         ;
;    |mux_2to1:brctrpcsel|                  ; 9 (9)             ; 0 (0)        ; 0           ; 0            ; 0       ; 0         ; 0    ; 0            ; |pipeline|mux_2to1:brctrpcsel                                                                                             ; work         ;
;    |mux_2to1:muxOperandasel|              ; 38 (38)           ; 0 (0)        ; 0           ; 0            ; 0       ; 0         ; 0    ; 0            ; |pipeline|mux_2to1:muxOperandasel                                                                                         ; work         ;
;    |mux_2to1:muxOperandbsel|              ; 32 (32)           ; 0 (0)        ; 0           ; 0            ; 0       ; 0         ; 0    ; 0            ; |pipeline|mux_2to1:muxOperandbsel                                                                                         ; work         ;
;    |mux_2to1:muxPCsel|                    ; 15 (15)           ; 0 (0)        ; 0           ; 0            ; 0       ; 0         ; 0    ; 0            ; |pipeline|mux_2to1:muxPCsel                                                                                               ; work         ;
;    |mux_3to1:data1forwardsel|             ; 64 (64)           ; 0 (0)        ; 0           ; 0            ; 0       ; 0         ; 0    ; 0            ; |pipeline|mux_3to1:data1forwardsel                                                                                        ; work         ;
;    |mux_3to1:data2forwardsel|             ; 64 (64)           ; 0 (0)        ; 0           ; 0            ; 0       ; 0         ; 0    ; 0            ; |pipeline|mux_3to1:data2forwardsel                                                                                        ; work         ;
;    |mux_3to1:muxWBsel|                    ; 64 (64)           ; 0 (0)        ; 0           ; 0            ; 0       ; 0         ; 0    ; 0            ; |pipeline|mux_3to1:muxWBsel                                                                                               ; work         ;
;    |pc:Pc|                                ; 22 (22)           ; 32 (32)      ; 0           ; 0            ; 0       ; 0         ; 0    ; 0            ; |pipeline|pc:Pc                                                                                                           ; work         ;
;    |pc_adder:adder|                       ; 30 (30)           ; 0 (0)        ; 0           ; 0            ; 0       ; 0         ; 0    ; 0            ; |pipeline|pc_adder:adder                                                                                                  ; work         ;
;    |regfile:regf|                         ; 37 (37)           ; 992 (992)    ; 0           ; 0            ; 0       ; 0         ; 0    ; 0            ; |pipeline|regfile:regf                                                                                                    ; work         ;
;    |second_register:secondDff|            ; 1558 (1549)       ; 169 (163)    ; 93          ; 0            ; 0       ; 0         ; 0    ; 0            ; |pipeline|second_register:secondDff                                                                                       ; work         ;
;       |altshift_taps:wb_selE_rtl_0|       ; 9 (0)             ; 6 (0)        ; 93          ; 0            ; 0       ; 0         ; 0    ; 0            ; |pipeline|second_register:secondDff|altshift_taps:wb_selE_rtl_0                                                           ; work         ;
;          |shift_taps_pfm:auto_generated|  ; 9 (2)             ; 6 (3)        ; 93          ; 0            ; 0       ; 0         ; 0    ; 0            ; |pipeline|second_register:secondDff|altshift_taps:wb_selE_rtl_0|shift_taps_pfm:auto_generated                             ; work         ;
;             |altsyncram_9461:altsyncram4| ; 0 (0)             ; 0 (0)        ; 93          ; 0            ; 0       ; 0         ; 0    ; 0            ; |pipeline|second_register:secondDff|altshift_taps:wb_selE_rtl_0|shift_taps_pfm:auto_generated|altsyncram_9461:altsyncram4 ; work         ;
;             |cntr_74h:cntr5|              ; 2 (2)             ; 1 (1)        ; 0           ; 0            ; 0       ; 0         ; 0    ; 0            ; |pipeline|second_register:secondDff|altshift_taps:wb_selE_rtl_0|shift_taps_pfm:auto_generated|cntr_74h:cntr5              ; work         ;
;             |cntr_kkf:cntr1|              ; 5 (5)             ; 2 (2)        ; 0           ; 0            ; 0       ; 0         ; 0    ; 0            ; |pipeline|second_register:secondDff|altshift_taps:wb_selE_rtl_0|shift_taps_pfm:auto_generated|cntr_kkf:cntr1              ; work         ;
;    |third_register:thirdDff|              ; 0 (0)             ; 108 (108)    ; 0           ; 0            ; 0       ; 0         ; 0    ; 0            ; |pipeline|third_register:thirdDff                                                                                         ; work         ;
+-------------------------------------------+-------------------+--------------+-------------+--------------+---------+-----------+------+--------------+---------------------------------------------------------------------------------------------------------------------------+--------------+
Note: For table entries with two numbers listed, the numbers in parentheses indicate the number of resources of the given type used by the specific entity alone. The numbers listed outside of parentheses indicate the total resources of the given type used by the specific entity and all of its sub-entities in the hierarchy.


+--------------------------------------------------------------------------------------------------------------------------------------------------------------------------------------------------------------------------------+
; Analysis & Synthesis RAM Summary                                                                                                                                                                                               ;
+----------------------------------------------------------------------------------------------------------------------------+------+------------------+--------------+--------------+--------------+--------------+------+------+
; Name                                                                                                                       ; Type ; Mode             ; Port A Depth ; Port A Width ; Port B Depth ; Port B Width ; Size ; MIF  ;
+----------------------------------------------------------------------------------------------------------------------------+------+------------------+--------------+--------------+--------------+--------------+------+------+
; second_register:secondDff|altshift_taps:wb_selE_rtl_0|shift_taps_pfm:auto_generated|altsyncram_9461:altsyncram4|ALTSYNCRAM ; AUTO ; Simple Dual Port ; 3            ; 31           ; 3            ; 31           ; 93   ; None ;
+----------------------------------------------------------------------------------------------------------------------------+------+------------------+--------------+--------------+--------------+--------------+------+------+


+-------------------------------------------------------------------------------------------+
; Registers Removed During Synthesis                                                        ;
+----------------------------------------+--------------------------------------------------+
; Register name                          ; Reason for Removal                               ;
+----------------------------------------+--------------------------------------------------+
; fourth_register:fourthDff|rd_addrW[4]  ; Merged with fourth_register:fourthDff|instrW[11] ;
; fourth_register:fourthDff|rd_addrW[3]  ; Merged with fourth_register:fourthDff|instrW[10] ;
; fourth_register:fourthDff|rd_addrW[2]  ; Merged with fourth_register:fourthDff|instrW[9]  ;
; fourth_register:fourthDff|rd_addrW[1]  ; Merged with fourth_register:fourthDff|instrW[8]  ;
; fourth_register:fourthDff|rd_addrW[0]  ; Merged with fourth_register:fourthDff|instrW[7]  ;
; third_register:thirdDff|PCPlus4M[0]    ; Merged with third_register:thirdDff|PCM[0]       ;
; third_register:thirdDff|rd_addrM[4]    ; Merged with third_register:thirdDff|instrM[11]   ;
; third_register:thirdDff|rd_addrM[3]    ; Merged with third_register:thirdDff|instrM[10]   ;
; third_register:thirdDff|rd_addrM[2]    ; Merged with third_register:thirdDff|instrM[9]    ;
; third_register:thirdDff|rd_addrM[1]    ; Merged with third_register:thirdDff|instrM[8]    ;
; third_register:thirdDff|rd_addrM[0]    ; Merged with third_register:thirdDff|instrM[7]    ;
; third_register:thirdDff|PCPlus4M[1]    ; Merged with third_register:thirdDff|PCM[1]       ;
; second_register:secondDff|PCPlus4E[1]  ; Merged with second_register:secondDff|PCE[1]     ;
; second_register:secondDff|PCPlus4E[0]  ; Merged with second_register:secondDff|PCE[0]     ;
; second_register:secondDff|rd_addrE[4]  ; Merged with second_register:secondDff|instrE[11] ;
; second_register:secondDff|rd_addrE[3]  ; Merged with second_register:secondDff|instrE[10] ;
; second_register:secondDff|rd_addrE[2]  ; Merged with second_register:secondDff|instrE[9]  ;
; second_register:secondDff|rd_addrE[1]  ; Merged with second_register:secondDff|instrE[8]  ;
; second_register:secondDff|rd_addrE[0]  ; Merged with second_register:secondDff|instrE[7]  ;
; second_register:secondDff|wb_selE[1]   ; Merged with second_register:secondDff|pc_selE    ;
; first_register:firstDff|PCPlus4D[0]    ; Merged with first_register:firstDff|PCD[0]       ;
; first_register:firstDff|PCPlus4D[1]    ; Merged with first_register:firstDff|PCD[1]       ;
; regfile:regf|regfile[0][1]             ; Stuck at GND due to stuck port clock_enable      ;
; regfile:regf|regfile[0][2]             ; Stuck at GND due to stuck port clock_enable      ;
; regfile:regf|regfile[0][3]             ; Stuck at GND due to stuck port clock_enable      ;
; regfile:regf|regfile[0][4]             ; Stuck at GND due to stuck port clock_enable      ;
; regfile:regf|regfile[0][5]             ; Stuck at GND due to stuck port clock_enable      ;
; regfile:regf|regfile[0][6]             ; Stuck at GND due to stuck port clock_enable      ;
; regfile:regf|regfile[0][7]             ; Stuck at GND due to stuck port clock_enable      ;
; regfile:regf|regfile[0][8]             ; Stuck at GND due to stuck port clock_enable      ;
; regfile:regf|regfile[0][9]             ; Stuck at GND due to stuck port clock_enable      ;
; regfile:regf|regfile[0][10]            ; Stuck at GND due to stuck port clock_enable      ;
; regfile:regf|regfile[0][11]            ; Stuck at GND due to stuck port clock_enable      ;
; regfile:regf|regfile[0][12]            ; Stuck at GND due to stuck port clock_enable      ;
; regfile:regf|regfile[0][13]            ; Stuck at GND due to stuck port clock_enable      ;
; regfile:regf|regfile[0][14]            ; Stuck at GND due to stuck port clock_enable      ;
; regfile:regf|regfile[0][15]            ; Stuck at GND due to stuck port clock_enable      ;
; regfile:regf|regfile[0][16]            ; Stuck at GND due to stuck port clock_enable      ;
; regfile:regf|regfile[0][17]            ; Stuck at GND due to stuck port clock_enable      ;
; regfile:regf|regfile[0][18]            ; Stuck at GND due to stuck port clock_enable      ;
; regfile:regf|regfile[0][19]            ; Stuck at GND due to stuck port clock_enable      ;
; regfile:regf|regfile[0][20]            ; Stuck at GND due to stuck port clock_enable      ;
; regfile:regf|regfile[0][21]            ; Stuck at GND due to stuck port clock_enable      ;
; regfile:regf|regfile[0][22]            ; Stuck at GND due to stuck port clock_enable      ;
; regfile:regf|regfile[0][23]            ; Stuck at GND due to stuck port clock_enable      ;
; regfile:regf|regfile[0][24]            ; Stuck at GND due to stuck port clock_enable      ;
; regfile:regf|regfile[0][25]            ; Stuck at GND due to stuck port clock_enable      ;
; regfile:regf|regfile[0][26]            ; Stuck at GND due to stuck port clock_enable      ;
; regfile:regf|regfile[0][27]            ; Stuck at GND due to stuck port clock_enable      ;
; regfile:regf|regfile[0][28]            ; Stuck at GND due to stuck port clock_enable      ;
; regfile:regf|regfile[0][29]            ; Stuck at GND due to stuck port clock_enable      ;
; regfile:regf|regfile[0][30]            ; Stuck at GND due to stuck port clock_enable      ;
; regfile:regf|regfile[0][31]            ; Stuck at GND due to stuck port clock_enable      ;
; regfile:regf|regfile[0][0]             ; Stuck at GND due to stuck port clock_enable      ;
; first_register:firstDff|instrD[0]      ; Merged with first_register:firstDff|instrD[1]    ;
; first_register:firstDff|instrD[28,30]  ; Merged with first_register:firstDff|instrD[31]   ;
; second_register:secondDff|instrE[0]    ; Merged with second_register:secondDff|instrE[1]  ;
; second_register:secondDff|immE[28]     ; Merged with second_register:secondDff|immE[30]   ;
; second_register:secondDff|immE[8]      ; Merged with second_register:secondDff|immE[10]   ;
; Total Number of Removed Registers = 60 ;                                                  ;
+----------------------------------------+--------------------------------------------------+


+------------------------------------------------------+
; General Register Statistics                          ;
+----------------------------------------------+-------+
; Statistic                                    ; Value ;
+----------------------------------------------+-------+
; Total registers                              ; 2682  ;
; Number of registers using Synchronous Clear  ; 43    ;
; Number of registers using Synchronous Load   ; 51    ;
; Number of registers using Asynchronous Clear ; 1654  ;
; Number of registers using Asynchronous Load  ; 0     ;
; Number of registers using Clock Enable       ; 1276  ;
; Number of registers using Preset             ; 0     ;
+----------------------------------------------+-------+


+-----------------------------------------------------------------------------------------------------+
; Inverted Register Statistics                                                                        ;
+-------------------------------------------------------------------------------------------+---------+
; Inverted Register                                                                         ; Fan out ;
+-------------------------------------------------------------------------------------------+---------+
; second_register:secondDff|altshift_taps:wb_selE_rtl_0|shift_taps_pfm:auto_generated|dffe6 ; 31      ;
; Total number of inverted registers = 1                                                    ;         ;
+-------------------------------------------------------------------------------------------+---------+


+--------------------------------------------------------------------------------------------------+
; Registers Packed Into Inferred Megafunctions                                                     ;
+-------------------------------------------+-----------------------------------------+------------+
; Register Name                             ; Megafunction                            ; Type       ;
+-------------------------------------------+-----------------------------------------+------------+
; fourth_register:fourthDff|wb_selW[0]      ; second_register:secondDff|wb_selE_rtl_0 ; SHIFT_TAPS ;
; third_register:thirdDff|wb_selM[0]        ; second_register:secondDff|wb_selE_rtl_0 ; SHIFT_TAPS ;
; second_register:secondDff|wb_selE[0]      ; second_register:secondDff|wb_selE_rtl_0 ; SHIFT_TAPS ;
; fourth_register:fourthDff|PCPlus4W[2..31] ; second_register:secondDff|wb_selE_rtl_0 ; SHIFT_TAPS ;
; third_register:thirdDff|PCPlus4M[2..31]   ; second_register:secondDff|wb_selE_rtl_0 ; SHIFT_TAPS ;
; second_register:secondDff|PCPlus4E[2..31] ; second_register:secondDff|wb_selE_rtl_0 ; SHIFT_TAPS ;
+-------------------------------------------+-----------------------------------------+------------+


+-------------------------------------------------------------------------------------------------------------------------------------------------------------------+
; Multiplexer Restructuring Statistics (Restructuring Performed)                                                                                                    ;
+--------------------+-----------+---------------+----------------------+------------------------+------------+-----------------------------------------------------+
; Multiplexer Inputs ; Bus Width ; Baseline Area ; Area if Restructured ; Saving if Restructured ; Registered ; Example Multiplexer Output                          ;
+--------------------+-----------+---------------+----------------------+------------------------+------------+-----------------------------------------------------+
; 3:1                ; 6 bits    ; 12 LEs        ; 6 LEs                ; 6 LEs                  ; Yes        ; |pipeline|second_register:secondDff|immE[9]         ;
; 4:1                ; 5 bits    ; 10 LEs        ; 10 LEs               ; 0 LEs                  ; Yes        ; |pipeline|second_register:secondDff|immE[23]        ;
; 8:1                ; 6 bits    ; 30 LEs        ; 12 LEs               ; 18 LEs                 ; Yes        ; |pipeline|second_register:secondDff|immE[27]        ;
; 34:1               ; 32 bits   ; 704 LEs       ; 704 LEs              ; 0 LEs                  ; Yes        ; |pipeline|second_register:secondDff|rs1_dataE[12]   ;
; 34:1               ; 32 bits   ; 704 LEs       ; 704 LEs              ; 0 LEs                  ; Yes        ; |pipeline|second_register:secondDff|rs2_dataE[31]   ;
; 129:1              ; 2 bits    ; 172 LEs       ; 8 LEs                ; 164 LEs                ; Yes        ; |pipeline|second_register:secondDff|i_data_typeE[0] ;
; 6:1                ; 8 bits    ; 32 LEs        ; 16 LEs               ; 16 LEs                 ; Yes        ; |pipeline|lsu:Lsu|seven_segment[7][2]               ;
; 6:1                ; 8 bits    ; 32 LEs        ; 16 LEs               ; 16 LEs                 ; Yes        ; |pipeline|lsu:Lsu|seven_segment[6][7]               ;
; 6:1                ; 8 bits    ; 32 LEs        ; 16 LEs               ; 16 LEs                 ; Yes        ; |pipeline|lsu:Lsu|seven_segment[5][7]               ;
; 6:1                ; 8 bits    ; 32 LEs        ; 16 LEs               ; 16 LEs                 ; Yes        ; |pipeline|lsu:Lsu|seven_segment[4][0]               ;
; 6:1                ; 8 bits    ; 32 LEs        ; 16 LEs               ; 16 LEs                 ; Yes        ; |pipeline|lsu:Lsu|seven_segment[3][6]               ;
; 6:1                ; 8 bits    ; 32 LEs        ; 16 LEs               ; 16 LEs                 ; Yes        ; |pipeline|lsu:Lsu|seven_segment[2][6]               ;
; 6:1                ; 8 bits    ; 32 LEs        ; 16 LEs               ; 16 LEs                 ; Yes        ; |pipeline|lsu:Lsu|seven_segment[1][6]               ;
; 6:1                ; 8 bits    ; 32 LEs        ; 16 LEs               ; 16 LEs                 ; Yes        ; |pipeline|lsu:Lsu|seven_segment[0][7]               ;
; 6:1                ; 8 bits    ; 32 LEs        ; 16 LEs               ; 16 LEs                 ; Yes        ; |pipeline|lsu:Lsu|sram[127][1]                      ;
; 6:1                ; 8 bits    ; 32 LEs        ; 16 LEs               ; 16 LEs                 ; Yes        ; |pipeline|lsu:Lsu|sram[126][1]                      ;
; 6:1                ; 8 bits    ; 32 LEs        ; 16 LEs               ; 16 LEs                 ; Yes        ; |pipeline|lsu:Lsu|sram[125][7]                      ;
; 6:1                ; 8 bits    ; 32 LEs        ; 16 LEs               ; 16 LEs                 ; Yes        ; |pipeline|lsu:Lsu|sram[124][2]                      ;
; 6:1                ; 8 bits    ; 32 LEs        ; 16 LEs               ; 16 LEs                 ; Yes        ; |pipeline|lsu:Lsu|sram[123][3]                      ;
; 6:1                ; 8 bits    ; 32 LEs        ; 16 LEs               ; 16 LEs                 ; Yes        ; |pipeline|lsu:Lsu|sram[122][0]                      ;
; 6:1                ; 8 bits    ; 32 LEs        ; 16 LEs               ; 16 LEs                 ; Yes        ; |pipeline|lsu:Lsu|sram[121][0]                      ;
; 6:1                ; 8 bits    ; 32 LEs        ; 16 LEs               ; 16 LEs                 ; Yes        ; |pipeline|lsu:Lsu|sram[120][2]                      ;
; 6:1                ; 8 bits    ; 32 LEs        ; 16 LEs               ; 16 LEs                 ; Yes        ; |pipeline|lsu:Lsu|sram[119][3]                      ;
; 6:1                ; 8 bits    ; 32 LEs        ; 16 LEs               ; 16 LEs                 ; Yes        ; |pipeline|lsu:Lsu|sram[118][2]                      ;
; 6:1                ; 8 bits    ; 32 LEs        ; 16 LEs               ; 16 LEs                 ; Yes        ; |pipeline|lsu:Lsu|sram[117][2]                      ;
; 6:1                ; 8 bits    ; 32 LEs        ; 16 LEs               ; 16 LEs                 ; Yes        ; |pipeline|lsu:Lsu|sram[116][1]                      ;
; 6:1                ; 8 bits    ; 32 LEs        ; 16 LEs               ; 16 LEs                 ; Yes        ; |pipeline|lsu:Lsu|sram[115][4]                      ;
; 6:1                ; 8 bits    ; 32 LEs        ; 16 LEs               ; 16 LEs                 ; Yes        ; |pipeline|lsu:Lsu|sram[114][6]                      ;
; 6:1                ; 8 bits    ; 32 LEs        ; 16 LEs               ; 16 LEs                 ; Yes        ; |pipeline|lsu:Lsu|sram[113][6]                      ;
; 6:1                ; 8 bits    ; 32 LEs        ; 16 LEs               ; 16 LEs                 ; Yes        ; |pipeline|lsu:Lsu|sram[112][2]                      ;
; 6:1                ; 8 bits    ; 32 LEs        ; 16 LEs               ; 16 LEs                 ; Yes        ; |pipeline|lsu:Lsu|sram[111][0]                      ;
; 6:1                ; 8 bits    ; 32 LEs        ; 16 LEs               ; 16 LEs                 ; Yes        ; |pipeline|lsu:Lsu|sram[110][4]                      ;
; 6:1                ; 8 bits    ; 32 LEs        ; 16 LEs               ; 16 LEs                 ; Yes        ; |pipeline|lsu:Lsu|sram[109][4]                      ;
; 6:1                ; 8 bits    ; 32 LEs        ; 16 LEs               ; 16 LEs                 ; Yes        ; |pipeline|lsu:Lsu|sram[108][4]                      ;
; 6:1                ; 8 bits    ; 32 LEs        ; 16 LEs               ; 16 LEs                 ; Yes        ; |pipeline|lsu:Lsu|sram[107][4]                      ;
; 6:1                ; 8 bits    ; 32 LEs        ; 16 LEs               ; 16 LEs                 ; Yes        ; |pipeline|lsu:Lsu|sram[106][4]                      ;
; 6:1                ; 8 bits    ; 32 LEs        ; 16 LEs               ; 16 LEs                 ; Yes        ; |pipeline|lsu:Lsu|sram[105][4]                      ;
; 6:1                ; 8 bits    ; 32 LEs        ; 16 LEs               ; 16 LEs                 ; Yes        ; |pipeline|lsu:Lsu|sram[104][4]                      ;
; 6:1                ; 8 bits    ; 32 LEs        ; 16 LEs               ; 16 LEs                 ; Yes        ; |pipeline|lsu:Lsu|sram[103][0]                      ;
; 6:1                ; 8 bits    ; 32 LEs        ; 16 LEs               ; 16 LEs                 ; Yes        ; |pipeline|lsu:Lsu|sram[102][6]                      ;
; 6:1                ; 8 bits    ; 32 LEs        ; 16 LEs               ; 16 LEs                 ; Yes        ; |pipeline|lsu:Lsu|sram[101][2]                      ;
; 6:1                ; 8 bits    ; 32 LEs        ; 16 LEs               ; 16 LEs                 ; Yes        ; |pipeline|lsu:Lsu|sram[100][2]                      ;
; 6:1                ; 8 bits    ; 32 LEs        ; 16 LEs               ; 16 LEs                 ; Yes        ; |pipeline|lsu:Lsu|sram[99][2]                       ;
; 6:1                ; 8 bits    ; 32 LEs        ; 16 LEs               ; 16 LEs                 ; Yes        ; |pipeline|lsu:Lsu|sram[98][2]                       ;
; 6:1                ; 8 bits    ; 32 LEs        ; 16 LEs               ; 16 LEs                 ; Yes        ; |pipeline|lsu:Lsu|sram[97][5]                       ;
; 6:1                ; 8 bits    ; 32 LEs        ; 16 LEs               ; 16 LEs                 ; Yes        ; |pipeline|lsu:Lsu|sram[96][1]                       ;
; 6:1                ; 8 bits    ; 32 LEs        ; 16 LEs               ; 16 LEs                 ; Yes        ; |pipeline|lsu:Lsu|sram[95][5]                       ;
; 6:1                ; 8 bits    ; 32 LEs        ; 16 LEs               ; 16 LEs                 ; Yes        ; |pipeline|lsu:Lsu|sram[94][4]                       ;
; 6:1                ; 8 bits    ; 32 LEs        ; 16 LEs               ; 16 LEs                 ; Yes        ; |pipeline|lsu:Lsu|sram[93][4]                       ;
; 6:1                ; 8 bits    ; 32 LEs        ; 16 LEs               ; 16 LEs                 ; Yes        ; |pipeline|lsu:Lsu|sram[92][3]                       ;
; 6:1                ; 8 bits    ; 32 LEs        ; 16 LEs               ; 16 LEs                 ; Yes        ; |pipeline|lsu:Lsu|sram[91][0]                       ;
; 6:1                ; 8 bits    ; 32 LEs        ; 16 LEs               ; 16 LEs                 ; Yes        ; |pipeline|lsu:Lsu|sram[90][6]                       ;
; 6:1                ; 8 bits    ; 32 LEs        ; 16 LEs               ; 16 LEs                 ; Yes        ; |pipeline|lsu:Lsu|sram[89][7]                       ;
; 6:1                ; 8 bits    ; 32 LEs        ; 16 LEs               ; 16 LEs                 ; Yes        ; |pipeline|lsu:Lsu|sram[88][1]                       ;
; 6:1                ; 8 bits    ; 32 LEs        ; 16 LEs               ; 16 LEs                 ; Yes        ; |pipeline|lsu:Lsu|sram[87][3]                       ;
; 6:1                ; 8 bits    ; 32 LEs        ; 16 LEs               ; 16 LEs                 ; Yes        ; |pipeline|lsu:Lsu|sram[86][7]                       ;
; 6:1                ; 8 bits    ; 32 LEs        ; 16 LEs               ; 16 LEs                 ; Yes        ; |pipeline|lsu:Lsu|sram[85][6]                       ;
; 6:1                ; 8 bits    ; 32 LEs        ; 16 LEs               ; 16 LEs                 ; Yes        ; |pipeline|lsu:Lsu|sram[84][1]                       ;
; 6:1                ; 8 bits    ; 32 LEs        ; 16 LEs               ; 16 LEs                 ; Yes        ; |pipeline|lsu:Lsu|sram[83][5]                       ;
; 6:1                ; 8 bits    ; 32 LEs        ; 16 LEs               ; 16 LEs                 ; Yes        ; |pipeline|lsu:Lsu|sram[82][1]                       ;
; 6:1                ; 8 bits    ; 32 LEs        ; 16 LEs               ; 16 LEs                 ; Yes        ; |pipeline|lsu:Lsu|sram[81][1]                       ;
; 6:1                ; 8 bits    ; 32 LEs        ; 16 LEs               ; 16 LEs                 ; Yes        ; |pipeline|lsu:Lsu|sram[80][4]                       ;
; 6:1                ; 8 bits    ; 32 LEs        ; 16 LEs               ; 16 LEs                 ; Yes        ; |pipeline|lsu:Lsu|sram[79][6]                       ;
; 6:1                ; 8 bits    ; 32 LEs        ; 16 LEs               ; 16 LEs                 ; Yes        ; |pipeline|lsu:Lsu|sram[78][0]                       ;
; 6:1                ; 8 bits    ; 32 LEs        ; 16 LEs               ; 16 LEs                 ; Yes        ; |pipeline|lsu:Lsu|sram[77][3]                       ;
; 6:1                ; 8 bits    ; 32 LEs        ; 16 LEs               ; 16 LEs                 ; Yes        ; |pipeline|lsu:Lsu|sram[76][4]                       ;
; 6:1                ; 8 bits    ; 32 LEs        ; 16 LEs               ; 16 LEs                 ; Yes        ; |pipeline|lsu:Lsu|sram[75][3]                       ;
; 6:1                ; 8 bits    ; 32 LEs        ; 16 LEs               ; 16 LEs                 ; Yes        ; |pipeline|lsu:Lsu|sram[74][3]                       ;
; 6:1                ; 8 bits    ; 32 LEs        ; 16 LEs               ; 16 LEs                 ; Yes        ; |pipeline|lsu:Lsu|sram[73][3]                       ;
; 6:1                ; 8 bits    ; 32 LEs        ; 16 LEs               ; 16 LEs                 ; Yes        ; |pipeline|lsu:Lsu|sram[72][1]                       ;
; 6:1                ; 8 bits    ; 32 LEs        ; 16 LEs               ; 16 LEs                 ; Yes        ; |pipeline|lsu:Lsu|sram[71][6]                       ;
; 6:1                ; 8 bits    ; 32 LEs        ; 16 LEs               ; 16 LEs                 ; Yes        ; |pipeline|lsu:Lsu|sram[70][5]                       ;
; 6:1                ; 8 bits    ; 32 LEs        ; 16 LEs               ; 16 LEs                 ; Yes        ; |pipeline|lsu:Lsu|sram[69][5]                       ;
; 6:1                ; 8 bits    ; 32 LEs        ; 16 LEs               ; 16 LEs                 ; Yes        ; |pipeline|lsu:Lsu|sram[68][7]                       ;
; 6:1                ; 8 bits    ; 32 LEs        ; 16 LEs               ; 16 LEs                 ; Yes        ; |pipeline|lsu:Lsu|sram[67][2]                       ;
; 6:1                ; 8 bits    ; 32 LEs        ; 16 LEs               ; 16 LEs                 ; Yes        ; |pipeline|lsu:Lsu|sram[66][2]                       ;
; 6:1                ; 8 bits    ; 32 LEs        ; 16 LEs               ; 16 LEs                 ; Yes        ; |pipeline|lsu:Lsu|sram[65][2]                       ;
; 6:1                ; 8 bits    ; 32 LEs        ; 16 LEs               ; 16 LEs                 ; Yes        ; |pipeline|lsu:Lsu|sram[64][5]                       ;
; 6:1                ; 8 bits    ; 32 LEs        ; 16 LEs               ; 16 LEs                 ; Yes        ; |pipeline|lsu:Lsu|sram[63][4]                       ;
; 6:1                ; 8 bits    ; 32 LEs        ; 16 LEs               ; 16 LEs                 ; Yes        ; |pipeline|lsu:Lsu|sram[62][5]                       ;
; 6:1                ; 8 bits    ; 32 LEs        ; 16 LEs               ; 16 LEs                 ; Yes        ; |pipeline|lsu:Lsu|sram[61][2]                       ;
; 6:1                ; 8 bits    ; 32 LEs        ; 16 LEs               ; 16 LEs                 ; Yes        ; |pipeline|lsu:Lsu|sram[60][0]                       ;
; 6:1                ; 8 bits    ; 32 LEs        ; 16 LEs               ; 16 LEs                 ; Yes        ; |pipeline|lsu:Lsu|sram[59][5]                       ;
; 6:1                ; 8 bits    ; 32 LEs        ; 16 LEs               ; 16 LEs                 ; Yes        ; |pipeline|lsu:Lsu|sram[58][3]                       ;
; 6:1                ; 8 bits    ; 32 LEs        ; 16 LEs               ; 16 LEs                 ; Yes        ; |pipeline|lsu:Lsu|sram[57][1]                       ;
; 6:1                ; 8 bits    ; 32 LEs        ; 16 LEs               ; 16 LEs                 ; Yes        ; |pipeline|lsu:Lsu|sram[56][7]                       ;
; 6:1                ; 8 bits    ; 32 LEs        ; 16 LEs               ; 16 LEs                 ; Yes        ; |pipeline|lsu:Lsu|sram[55][0]                       ;
; 6:1                ; 8 bits    ; 32 LEs        ; 16 LEs               ; 16 LEs                 ; Yes        ; |pipeline|lsu:Lsu|sram[54][5]                       ;
; 6:1                ; 8 bits    ; 32 LEs        ; 16 LEs               ; 16 LEs                 ; Yes        ; |pipeline|lsu:Lsu|sram[53][1]                       ;
; 6:1                ; 8 bits    ; 32 LEs        ; 16 LEs               ; 16 LEs                 ; Yes        ; |pipeline|lsu:Lsu|sram[52][4]                       ;
; 6:1                ; 8 bits    ; 32 LEs        ; 16 LEs               ; 16 LEs                 ; Yes        ; |pipeline|lsu:Lsu|sram[51][2]                       ;
; 6:1                ; 8 bits    ; 32 LEs        ; 16 LEs               ; 16 LEs                 ; Yes        ; |pipeline|lsu:Lsu|sram[50][1]                       ;
; 6:1                ; 8 bits    ; 32 LEs        ; 16 LEs               ; 16 LEs                 ; Yes        ; |pipeline|lsu:Lsu|sram[49][4]                       ;
; 6:1                ; 8 bits    ; 32 LEs        ; 16 LEs               ; 16 LEs                 ; Yes        ; |pipeline|lsu:Lsu|sram[48][6]                       ;
; 6:1                ; 8 bits    ; 32 LEs        ; 16 LEs               ; 16 LEs                 ; Yes        ; |pipeline|lsu:Lsu|sram[47][5]                       ;
; 6:1                ; 8 bits    ; 32 LEs        ; 16 LEs               ; 16 LEs                 ; Yes        ; |pipeline|lsu:Lsu|sram[46][2]                       ;
; 6:1                ; 8 bits    ; 32 LEs        ; 16 LEs               ; 16 LEs                 ; Yes        ; |pipeline|lsu:Lsu|sram[45][2]                       ;
; 6:1                ; 8 bits    ; 32 LEs        ; 16 LEs               ; 16 LEs                 ; Yes        ; |pipeline|lsu:Lsu|sram[44][6]                       ;
; 6:1                ; 8 bits    ; 32 LEs        ; 16 LEs               ; 16 LEs                 ; Yes        ; |pipeline|lsu:Lsu|sram[43][2]                       ;
; 6:1                ; 8 bits    ; 32 LEs        ; 16 LEs               ; 16 LEs                 ; Yes        ; |pipeline|lsu:Lsu|sram[42][4]                       ;
; 6:1                ; 8 bits    ; 32 LEs        ; 16 LEs               ; 16 LEs                 ; Yes        ; |pipeline|lsu:Lsu|sram[41][5]                       ;
; 6:1                ; 8 bits    ; 32 LEs        ; 16 LEs               ; 16 LEs                 ; Yes        ; |pipeline|lsu:Lsu|sram[40][6]                       ;
; 6:1                ; 8 bits    ; 32 LEs        ; 16 LEs               ; 16 LEs                 ; Yes        ; |pipeline|lsu:Lsu|sram[39][6]                       ;
; 6:1                ; 8 bits    ; 32 LEs        ; 16 LEs               ; 16 LEs                 ; Yes        ; |pipeline|lsu:Lsu|sram[38][4]                       ;
; 6:1                ; 8 bits    ; 32 LEs        ; 16 LEs               ; 16 LEs                 ; Yes        ; |pipeline|lsu:Lsu|sram[37][4]                       ;
; 6:1                ; 8 bits    ; 32 LEs        ; 16 LEs               ; 16 LEs                 ; Yes        ; |pipeline|lsu:Lsu|sram[36][1]                       ;
; 6:1                ; 8 bits    ; 32 LEs        ; 16 LEs               ; 16 LEs                 ; Yes        ; |pipeline|lsu:Lsu|sram[35][4]                       ;
; 6:1                ; 8 bits    ; 32 LEs        ; 16 LEs               ; 16 LEs                 ; Yes        ; |pipeline|lsu:Lsu|sram[34][2]                       ;
; 6:1                ; 8 bits    ; 32 LEs        ; 16 LEs               ; 16 LEs                 ; Yes        ; |pipeline|lsu:Lsu|sram[33][2]                       ;
; 6:1                ; 8 bits    ; 32 LEs        ; 16 LEs               ; 16 LEs                 ; Yes        ; |pipeline|lsu:Lsu|sram[32][2]                       ;
; 6:1                ; 8 bits    ; 32 LEs        ; 16 LEs               ; 16 LEs                 ; Yes        ; |pipeline|lsu:Lsu|sram[31][2]                       ;
; 6:1                ; 8 bits    ; 32 LEs        ; 16 LEs               ; 16 LEs                 ; Yes        ; |pipeline|lsu:Lsu|sram[30][2]                       ;
; 6:1                ; 8 bits    ; 32 LEs        ; 16 LEs               ; 16 LEs                 ; Yes        ; |pipeline|lsu:Lsu|sram[29][0]                       ;
; 6:1                ; 8 bits    ; 32 LEs        ; 16 LEs               ; 16 LEs                 ; Yes        ; |pipeline|lsu:Lsu|sram[28][1]                       ;
; 6:1                ; 8 bits    ; 32 LEs        ; 16 LEs               ; 16 LEs                 ; Yes        ; |pipeline|lsu:Lsu|sram[27][1]                       ;
; 6:1                ; 8 bits    ; 32 LEs        ; 16 LEs               ; 16 LEs                 ; Yes        ; |pipeline|lsu:Lsu|sram[26][4]                       ;
; 6:1                ; 8 bits    ; 32 LEs        ; 16 LEs               ; 16 LEs                 ; Yes        ; |pipeline|lsu:Lsu|sram[25][1]                       ;
; 6:1                ; 8 bits    ; 32 LEs        ; 16 LEs               ; 16 LEs                 ; Yes        ; |pipeline|lsu:Lsu|sram[24][4]                       ;
; 6:1                ; 8 bits    ; 32 LEs        ; 16 LEs               ; 16 LEs                 ; Yes        ; |pipeline|lsu:Lsu|sram[23][4]                       ;
; 6:1                ; 8 bits    ; 32 LEs        ; 16 LEs               ; 16 LEs                 ; Yes        ; |pipeline|lsu:Lsu|sram[22][3]                       ;
; 6:1                ; 8 bits    ; 32 LEs        ; 16 LEs               ; 16 LEs                 ; Yes        ; |pipeline|lsu:Lsu|sram[21][3]                       ;
; 6:1                ; 8 bits    ; 32 LEs        ; 16 LEs               ; 16 LEs                 ; Yes        ; |pipeline|lsu:Lsu|sram[20][2]                       ;
; 6:1                ; 8 bits    ; 32 LEs        ; 16 LEs               ; 16 LEs                 ; Yes        ; |pipeline|lsu:Lsu|sram[19][1]                       ;
; 6:1                ; 8 bits    ; 32 LEs        ; 16 LEs               ; 16 LEs                 ; Yes        ; |pipeline|lsu:Lsu|sram[18][0]                       ;
; 6:1                ; 8 bits    ; 32 LEs        ; 16 LEs               ; 16 LEs                 ; Yes        ; |pipeline|lsu:Lsu|sram[17][0]                       ;
; 6:1                ; 8 bits    ; 32 LEs        ; 16 LEs               ; 16 LEs                 ; Yes        ; |pipeline|lsu:Lsu|sram[16][6]                       ;
; 6:1                ; 8 bits    ; 32 LEs        ; 16 LEs               ; 16 LEs                 ; Yes        ; |pipeline|lsu:Lsu|sram[15][3]                       ;
; 6:1                ; 8 bits    ; 32 LEs        ; 16 LEs               ; 16 LEs                 ; Yes        ; |pipeline|lsu:Lsu|sram[14][5]                       ;
; 6:1                ; 8 bits    ; 32 LEs        ; 16 LEs               ; 16 LEs                 ; Yes        ; |pipeline|lsu:Lsu|sram[13][2]                       ;
; 6:1                ; 8 bits    ; 32 LEs        ; 16 LEs               ; 16 LEs                 ; Yes        ; |pipeline|lsu:Lsu|sram[12][3]                       ;
; 6:1                ; 8 bits    ; 32 LEs        ; 16 LEs               ; 16 LEs                 ; Yes        ; |pipeline|lsu:Lsu|sram[11][2]                       ;
; 6:1                ; 8 bits    ; 32 LEs        ; 16 LEs               ; 16 LEs                 ; Yes        ; |pipeline|lsu:Lsu|sram[10][5]                       ;
; 6:1                ; 8 bits    ; 32 LEs        ; 16 LEs               ; 16 LEs                 ; Yes        ; |pipeline|lsu:Lsu|sram[9][4]                        ;
; 6:1                ; 8 bits    ; 32 LEs        ; 16 LEs               ; 16 LEs                 ; Yes        ; |pipeline|lsu:Lsu|sram[8][2]                        ;
; 6:1                ; 8 bits    ; 32 LEs        ; 16 LEs               ; 16 LEs                 ; Yes        ; |pipeline|lsu:Lsu|sram[7][2]                        ;
; 6:1                ; 8 bits    ; 32 LEs        ; 16 LEs               ; 16 LEs                 ; Yes        ; |pipeline|lsu:Lsu|sram[6][1]                        ;
; 6:1                ; 8 bits    ; 32 LEs        ; 16 LEs               ; 16 LEs                 ; Yes        ; |pipeline|lsu:Lsu|sram[5][0]                        ;
; 6:1                ; 8 bits    ; 32 LEs        ; 16 LEs               ; 16 LEs                 ; Yes        ; |pipeline|lsu:Lsu|sram[4][2]                        ;
; 6:1                ; 8 bits    ; 32 LEs        ; 16 LEs               ; 16 LEs                 ; Yes        ; |pipeline|lsu:Lsu|sram[3][0]                        ;
; 6:1                ; 8 bits    ; 32 LEs        ; 16 LEs               ; 16 LEs                 ; Yes        ; |pipeline|lsu:Lsu|sram[2][3]                        ;
; 6:1                ; 8 bits    ; 32 LEs        ; 16 LEs               ; 16 LEs                 ; Yes        ; |pipeline|lsu:Lsu|sram[1][4]                        ;
; 6:1                ; 8 bits    ; 32 LEs        ; 16 LEs               ; 16 LEs                 ; Yes        ; |pipeline|lsu:Lsu|sram[0][4]                        ;
; 10:1               ; 8 bits    ; 48 LEs        ; 16 LEs               ; 32 LEs                 ; Yes        ; |pipeline|second_register:secondDff|immE[16]        ;
; 12:1               ; 4 bits    ; 32 LEs        ; 8 LEs                ; 24 LEs                 ; Yes        ; |pipeline|second_register:secondDff|immE[2]         ;
; 94:1               ; 7 bits    ; 434 LEs       ; 350 LEs              ; 84 LEs                 ; Yes        ; |pipeline|fourth_register:fourthDff|ld_dataW[4]     ;
; 97:1               ; 8 bits    ; 512 LEs       ; 416 LEs              ; 96 LEs                 ; Yes        ; |pipeline|fourth_register:fourthDff|ld_dataW[17]    ;
; 188:1              ; 7 bits    ; 875 LEs       ; 700 LEs              ; 175 LEs                ; Yes        ; |pipeline|fourth_register:fourthDff|ld_dataW[10]    ;
; 189:1              ; 8 bits    ; 1008 LEs      ; 808 LEs              ; 200 LEs                ; Yes        ; |pipeline|fourth_register:fourthDff|ld_dataW[30]    ;
; 3:1                ; 4 bits    ; 8 LEs         ; 4 LEs                ; 4 LEs                  ; No         ; |pipeline|ImmGen:immgen|Selector24                  ;
; 3:1                ; 6 bits    ; 12 LEs        ; 6 LEs                ; 6 LEs                  ; No         ; |pipeline|ImmGen:immgen|Selector24                  ;
; 4:1                ; 32 bits   ; 64 LEs        ; 64 LEs               ; 0 LEs                  ; No         ; |pipeline|mux_3to1:data1forwardsel|Mux27            ;
; 4:1                ; 32 bits   ; 64 LEs        ; 64 LEs               ; 0 LEs                  ; No         ; |pipeline|mux_3to1:data2forwardsel|Mux11            ;
; 4:1                ; 32 bits   ; 64 LEs        ; 64 LEs               ; 0 LEs                  ; No         ; |pipeline|mux_3to1:muxWBsel|Mux26                   ;
; 8:1                ; 8 bits    ; 40 LEs        ; 16 LEs               ; 24 LEs                 ; No         ; |pipeline|lsu:Lsu|Mux61                             ;
; 8:1                ; 8 bits    ; 40 LEs        ; 16 LEs               ; 24 LEs                 ; No         ; |pipeline|lsu:Lsu|Mux43                             ;
; 16:1               ; 8 bits    ; 80 LEs        ; 24 LEs               ; 56 LEs                 ; No         ; |pipeline|lsu:Lsu|Mux55                             ;
; 16:1               ; 8 bits    ; 80 LEs        ; 24 LEs               ; 56 LEs                 ; No         ; |pipeline|lsu:Lsu|Mux36                             ;
; 20:1               ; 7 bits    ; 91 LEs        ; 56 LEs               ; 35 LEs                 ; No         ; |pipeline|alu:Alu|Mux13                             ;
; 19:1               ; 8 bits    ; 96 LEs        ; 64 LEs               ; 32 LEs                 ; No         ; |pipeline|alu:Alu|Mux20                             ;
; 21:1               ; 4 bits    ; 56 LEs        ; 36 LEs               ; 20 LEs                 ; No         ; |pipeline|alu:Alu|Mux5                              ;
; 20:1               ; 4 bits    ; 52 LEs        ; 36 LEs               ; 16 LEs                 ; No         ; |pipeline|alu:Alu|Mux24                             ;
; 22:1               ; 2 bits    ; 28 LEs        ; 20 LEs               ; 8 LEs                  ; No         ; |pipeline|alu:Alu|Mux2                              ;
; 21:1               ; 2 bits    ; 28 LEs        ; 18 LEs               ; 10 LEs                 ; No         ; |pipeline|alu:Alu|Mux28                             ;
+--------------------+-----------+---------------+----------------------+------------------------+------------+-----------------------------------------------------+


+----------------------------------------------------------------------------------------------------------------------------------------+
; Source assignments for second_register:secondDff|altshift_taps:wb_selE_rtl_0|shift_taps_pfm:auto_generated|altsyncram_9461:altsyncram4 ;
+---------------------------------+--------------------+------+--------------------------------------------------------------------------+
; Assignment                      ; Value              ; From ; To                                                                       ;
+---------------------------------+--------------------+------+--------------------------------------------------------------------------+
; OPTIMIZE_POWER_DURING_SYNTHESIS ; NORMAL_COMPILATION ; -    ; -                                                                        ;
+---------------------------------+--------------------+------+--------------------------------------------------------------------------+


+------------------------------------------------------+
; Parameter Settings for User Entity Instance: lsu:Lsu ;
+----------------------+-------+-----------------------+
; Parameter Name       ; Value ; Type                  ;
+----------------------+-------+-----------------------+
; w                    ; 00    ; Unsigned Binary       ;
; hw                   ; 01    ; Unsigned Binary       ;
; b                    ; 10    ; Unsigned Binary       ;
; is_input_peripheral  ; 00    ; Unsigned Binary       ;
; is_output_peripheral ; 01    ; Unsigned Binary       ;
; is_data_memory       ; 10    ; Unsigned Binary       ;
+----------------------+-------+-----------------------+
Note: In order to hide this table in the UI and the text report file, please set the "Show Parameter Settings in Synthesis Report" option in "Analysis and Synthesis Settings -> More Settings" to "Off".


+--------------------------------------------------------------------------------------------------------+
; Parameter Settings for Inferred Entity Instance: second_register:secondDff|altshift_taps:wb_selE_rtl_0 ;
+----------------+----------------+----------------------------------------------------------------------+
; Parameter Name ; Value          ; Type                                                                 ;
+----------------+----------------+----------------------------------------------------------------------+
; WIDTH_BYTEENA  ; 1              ; Untyped                                                              ;
; NUMBER_OF_TAPS ; 1              ; Untyped                                                              ;
; TAP_DISTANCE   ; 3              ; Untyped                                                              ;
; WIDTH          ; 31             ; Untyped                                                              ;
; POWER_UP_STATE ; CLEARED        ; Untyped                                                              ;
; CBXI_PARAMETER ; shift_taps_pfm ; Untyped                                                              ;
+----------------+----------------+----------------------------------------------------------------------+
Note: In order to hide this table in the UI and the text report file, please set the "Show Parameter Settings in Synthesis Report" option in "Analysis and Synthesis Settings -> More Settings" to "Off".


+------------------------------------------------------------------------------------+
; altshift_taps Parameter Settings by Entity Instance                                ;
+----------------------------+-------------------------------------------------------+
; Name                       ; Value                                                 ;
+----------------------------+-------------------------------------------------------+
; Number of entity instances ; 1                                                     ;
; Entity Instance            ; second_register:secondDff|altshift_taps:wb_selE_rtl_0 ;
;     -- NUMBER_OF_TAPS      ; 1                                                     ;
;     -- TAP_DISTANCE        ; 3                                                     ;
;     -- WIDTH               ; 31                                                    ;
+----------------------------+-------------------------------------------------------+


+-------------------------------------------------------------------------------------------------------------------------+
; Port Connectivity Checks: "hazard_unit:hazard"                                                                          ;
+---------------+--------+----------+-------------------------------------------------------------------------------------+
; Port          ; Type   ; Severity ; Details                                                                             ;
+---------------+--------+----------+-------------------------------------------------------------------------------------+
; rd_wren_D     ; Input  ; Info     ; Explicitly unconnected                                                              ;
; ldStall_check ; Output ; Info     ; Connected to dangling logic. Logic that only feeds a dangling port will be removed. ;
+---------------+--------+----------+-------------------------------------------------------------------------------------+


+------------------------------------------------------------------------------------------------------------------------------------------------------------------------+
; Port Connectivity Checks: "mux_2to1:brctropasel"                                                                                                                       ;
+------+--------+----------+---------------------------------------------------------------------------------------------------------------------------------------------+
; Port ; Type   ; Severity ; Details                                                                                                                                     ;
+------+--------+----------+---------------------------------------------------------------------------------------------------------------------------------------------+
; a    ; Input  ; Warning  ; Input port expression (1 bits) is smaller than the input port (32 bits) it drives.  Extra input bit(s) "a[31..1]" will be connected to GND. ;
; b    ; Input  ; Warning  ; Input port expression (1 bits) is smaller than the input port (32 bits) it drives.  Extra input bit(s) "b[31..1]" will be connected to GND. ;
; y    ; Output ; Warning  ; Output or bidir port (32 bits) is wider than the port expression (1 bits) it drives; bit(s) "y[31..1]" have no fanouts                      ;
+------+--------+----------+---------------------------------------------------------------------------------------------------------------------------------------------+


+------------------------------------------------------------------------------------------------------------------------------------------------------------------------+
; Port Connectivity Checks: "mux_2to1:brctrpcsel"                                                                                                                        ;
+------+--------+----------+---------------------------------------------------------------------------------------------------------------------------------------------+
; Port ; Type   ; Severity ; Details                                                                                                                                     ;
+------+--------+----------+---------------------------------------------------------------------------------------------------------------------------------------------+
; a    ; Input  ; Warning  ; Input port expression (1 bits) is smaller than the input port (32 bits) it drives.  Extra input bit(s) "a[31..1]" will be connected to GND. ;
; b    ; Input  ; Warning  ; Input port expression (1 bits) is smaller than the input port (32 bits) it drives.  Extra input bit(s) "b[31..1]" will be connected to GND. ;
; y    ; Output ; Warning  ; Output or bidir port (32 bits) is wider than the port expression (1 bits) it drives; bit(s) "y[31..1]" have no fanouts                      ;
+------+--------+----------+---------------------------------------------------------------------------------------------------------------------------------------------+


+----------------------------------------------------------------------------------------------------------------------------------------+
; Port Connectivity Checks: "second_register:secondDff"                                                                                  ;
+---------+--------+----------+----------------------------------------------------------------------------------------------------------+
; Port    ; Type   ; Severity ; Details                                                                                                  ;
+---------+--------+----------+----------------------------------------------------------------------------------------------------------+
; br_un_E ; Output ; Warning  ; Declared by entity but not connected by instance. Logic that only feeds a dangling port will be removed. ;
+---------+--------+----------+----------------------------------------------------------------------------------------------------------+


+----------------------------------------------------------------------------------------------------------------------------------------------------------------------------------------------------------------+
; Port Connectivity Checks: "pc:Pc"                                                                                                                                                                              ;
+--------+-------+----------+------------------------------------------------------------------------------------------------------------------------------------------------------------------------------------+
; Port   ; Type  ; Severity ; Details                                                                                                                                                                            ;
+--------+-------+----------+------------------------------------------------------------------------------------------------------------------------------------------------------------------------------------+
; en     ; Input ; Warning  ; Input port expression (32 bits) is wider than the input port (1 bits) it drives.  The 31 most-significant bit(s) in the expression will be dangling if they have no other fanouts. ;
; en[-1] ; Input ; Info     ; Stuck at VCC                                                                                                                                                                       ;
+--------+-------+----------+------------------------------------------------------------------------------------------------------------------------------------------------------------------------------------+


+-------------------------------+
; Elapsed Time Per Partition    ;
+----------------+--------------+
; Partition Name ; Elapsed Time ;
+----------------+--------------+
; Top            ; 00:00:21     ;
+----------------+--------------+


+-------------------------------+
; Analysis & Synthesis Messages ;
+-------------------------------+
Info: *******************************************************************
Info: Running Quartus II 64-Bit Analysis & Synthesis
    Info: Version 13.0.1 Build 232 06/12/2013 Service Pack 1 SJ Web Edition
    Info: Processing started: Mon Dec 09 21:11:44 2024
Info: Command: quartus_map --read_settings_files=on --write_settings_files=off pipeline -c pipeline
Warning (20028): Parallel compilation is not licensed and has been disabled
Info (12021): Found 1 design units, including 1 entities, in source file hazard_unit.sv
    Info (12023): Found entity 1: hazard_unit
Info (12021): Found 1 design units, including 1 entities, in source file third_register.sv
    Info (12023): Found entity 1: third_register
Info (12021): Found 1 design units, including 1 entities, in source file second_register.sv
    Info (12023): Found entity 1: second_register
Info (12021): Found 1 design units, including 1 entities, in source file regfile.sv
    Info (12023): Found entity 1: regfile
Info (12021): Found 1 design units, including 1 entities, in source file pipeline.sv
    Info (12023): Found entity 1: pipeline
Info (12021): Found 1 design units, including 1 entities, in source file pc_debug.sv
    Info (12023): Found entity 1: pc_debug
Info (12021): Found 1 design units, including 1 entities, in source file pc_adder.sv
    Info (12023): Found entity 1: pc_adder
Info (12021): Found 1 design units, including 1 entities, in source file pc.sv
    Info (12023): Found entity 1: pc
Info (12021): Found 1 design units, including 1 entities, in source file mux_3to1.sv
    Info (12023): Found entity 1: mux_3to1
Info (12021): Found 1 design units, including 1 entities, in source file mux_2to1.sv
    Info (12023): Found entity 1: mux_2to1
Info (12021): Found 1 design units, including 1 entities, in source file lsu.sv
    Info (12023): Found entity 1: lsu
Info (12021): Found 1 design units, including 1 entities, in source file insn_vld.sv
    Info (12023): Found entity 1: insn_vld
Info (12021): Found 1 design units, including 1 entities, in source file immgen.sv
    Info (12023): Found entity 1: ImmGen
Info (12021): Found 1 design units, including 1 entities, in source file i$.sv
    Info (12023): Found entity 1: I$
Info (12021): Found 1 design units, including 1 entities, in source file fourth_register.sv
    Info (12023): Found entity 1: fourth_register
Info (12021): Found 1 design units, including 1 entities, in source file first_register.sv
    Info (12023): Found entity 1: first_register
Info (12021): Found 1 design units, including 1 entities, in source file ctrl_unit.sv
    Info (12023): Found entity 1: ctrl_unit
Info (12021): Found 1 design units, including 1 entities, in source file brc.sv
    Info (12023): Found entity 1: brc
Info (12021): Found 1 design units, including 1 entities, in source file alu.sv
    Info (12023): Found entity 1: alu
Warning (10236): Verilog HDL Implicit Net warning at pipeline.sv(92): created implicit net for "br_un_D"
Warning (10236): Verilog HDL Implicit Net warning at pipeline.sv(330): created implicit net for "ldStall_check"
Warning (10236): Verilog HDL Implicit Net warning at lsu.sv(109): created implicit net for "p"
Info (12127): Elaborating entity "pipeline" for the top level hierarchy
Info (12128): Elaborating entity "mux_2to1" for hierarchy "mux_2to1:muxPCsel"
Info (12128): Elaborating entity "pc" for hierarchy "pc:Pc"
Info (12128): Elaborating entity "pc_adder" for hierarchy "pc_adder:adder"
Info (12128): Elaborating entity "I$" for hierarchy "I$:i$"
Warning (10850): Verilog HDL warning at I$.sv(8): number of words (163) in memory file does not match the number of elements in the address range [0:2048]
Warning (10030): Net "instructions_value.data_a" at I$.sv(5) has no driver or initial value, using a default initial value '0'
Warning (10030): Net "instructions_value.waddr_a" at I$.sv(5) has no driver or initial value, using a default initial value '0'
Warning (10030): Net "instructions_value.we_a" at I$.sv(5) has no driver or initial value, using a default initial value '0'
Info (12128): Elaborating entity "first_register" for hierarchy "first_register:firstDff"
Info (12128): Elaborating entity "regfile" for hierarchy "regfile:regf"
Info (12128): Elaborating entity "ImmGen" for hierarchy "ImmGen:immgen"
Info (12128): Elaborating entity "ctrl_unit" for hierarchy "ctrl_unit:ctrl"
Warning (10270): Verilog HDL Case Statement warning at ctrl_unit.sv(35): incomplete case statement has no default case item
Info (12128): Elaborating entity "second_register" for hierarchy "second_register:secondDff"
Info (12128): Elaborating entity "brc" for hierarchy "brc:Brc"
Warning (12125): Using design file br_ctr_unit.sv, which is not specified as a design file for the current project, but contains definitions for 1 design units and 1 entities in project
    Info (12023): Found entity 1: br_ctr_unit
Info (12128): Elaborating entity "br_ctr_unit" for hierarchy "br_ctr_unit:brctr"
Warning (10036): Verilog HDL or VHDL warning at br_ctr_unit.sv(11): object "funct7" assigned a value but never read
Warning (10270): Verilog HDL Case Statement warning at br_ctr_unit.sv(21): incomplete case statement has no default case item
Info (12128): Elaborating entity "mux_3to1" for hierarchy "mux_3to1:data1forwardsel"
Info (12128): Elaborating entity "alu" for hierarchy "alu:Alu"
Info (12128): Elaborating entity "third_register" for hierarchy "third_register:thirdDff"
Info (12128): Elaborating entity "lsu" for hierarchy "lsu:Lsu"
Warning (10036): Verilog HDL or VHDL warning at lsu.sv(109): object "p" assigned a value but never read
Warning (10230): Verilog HDL assignment warning at lsu.sv(109): truncated value with size 4 to match size of target (1)
Warning (10270): Verilog HDL Case Statement warning at lsu.sv(167): incomplete case statement has no default case item
Info (10264): Verilog HDL Case Statement information at lsu.sv(167): all case item expressions in this case statement are onehot
Warning (10030): Net "lcd_control[15..4]" at lsu.sv(62) has no driver or initial value, using a default initial value '0'
Warning (10030): Net "green_leds[15..4]" at lsu.sv(66) has no driver or initial value, using a default initial value '0'
Warning (10030): Net "red_leds[15..4]" at lsu.sv(68) has no driver or initial value, using a default initial value '0'
Warning (10030): Net "switches[15..4]" at lsu.sv(75) has no driver or initial value, using a default initial value '0'
Warning (10030): Net "buttons[15..1]" at lsu.sv(76) has no driver or initial value, using a default initial value '0'
Info (12128): Elaborating entity "fourth_register" for hierarchy "fourth_register:fourthDff"
Info (12128): Elaborating entity "insn_vld" for hierarchy "insn_vld:ins_vld"
Info (12128): Elaborating entity "hazard_unit" for hierarchy "hazard_unit:hazard"
Warning (10034): Output port "StallE" at hazard_unit.sv(15) has no driver
Warning (10034): Output port "StallM" at hazard_unit.sv(17) has no driver
Warning (10034): Output port "FlushM" at hazard_unit.sv(18) has no driver
Warning (10034): Output port "StallW" at hazard_unit.sv(19) has no driver
Warning (10034): Output port "FlushW" at hazard_unit.sv(20) has no driver
Warning (13046): Tri-state node(s) do not directly drive top-level pin(s)
    Warning (13049): Converted tri-state buffer "lsu:Lsu|o_ld_data[0]" feeding internal logic into a wire
    Warning (13049): Converted tri-state buffer "lsu:Lsu|o_ld_data[1]" feeding internal logic into a wire
    Warning (13049): Converted tri-state buffer "lsu:Lsu|o_ld_data[2]" feeding internal logic into a wire
    Warning (13049): Converted tri-state buffer "lsu:Lsu|o_ld_data[3]" feeding internal logic into a wire
    Warning (13049): Converted tri-state buffer "lsu:Lsu|o_ld_data[4]" feeding internal logic into a wire
    Warning (13049): Converted tri-state buffer "lsu:Lsu|o_ld_data[5]" feeding internal logic into a wire
    Warning (13049): Converted tri-state buffer "lsu:Lsu|o_ld_data[6]" feeding internal logic into a wire
    Warning (13049): Converted tri-state buffer "lsu:Lsu|o_ld_data[7]" feeding internal logic into a wire
    Warning (13049): Converted tri-state buffer "lsu:Lsu|ld_data[8]" feeding internal logic into a wire
    Warning (13049): Converted tri-state buffer "lsu:Lsu|ld_data[9]" feeding internal logic into a wire
    Warning (13049): Converted tri-state buffer "lsu:Lsu|ld_data[10]" feeding internal logic into a wire
    Warning (13049): Converted tri-state buffer "lsu:Lsu|ld_data[11]" feeding internal logic into a wire
    Warning (13049): Converted tri-state buffer "lsu:Lsu|ld_data[12]" feeding internal logic into a wire
    Warning (13049): Converted tri-state buffer "lsu:Lsu|ld_data[13]" feeding internal logic into a wire
    Warning (13049): Converted tri-state buffer "lsu:Lsu|ld_data[14]" feeding internal logic into a wire
    Warning (13049): Converted tri-state buffer "lsu:Lsu|ld_data[15]" feeding internal logic into a wire
    Warning (13049): Converted tri-state buffer "lsu:Lsu|ld_data[16]" feeding internal logic into a wire
    Warning (13049): Converted tri-state buffer "lsu:Lsu|ld_data[17]" feeding internal logic into a wire
    Warning (13049): Converted tri-state buffer "lsu:Lsu|ld_data[18]" feeding internal logic into a wire
    Warning (13049): Converted tri-state buffer "lsu:Lsu|ld_data[19]" feeding internal logic into a wire
    Warning (13049): Converted tri-state buffer "lsu:Lsu|ld_data[20]" feeding internal logic into a wire
    Warning (13049): Converted tri-state buffer "lsu:Lsu|ld_data[21]" feeding internal logic into a wire
    Warning (13049): Converted tri-state buffer "lsu:Lsu|ld_data[22]" feeding internal logic into a wire
    Warning (13049): Converted tri-state buffer "lsu:Lsu|ld_data[23]" feeding internal logic into a wire
    Warning (13049): Converted tri-state buffer "lsu:Lsu|ld_data[24]" feeding internal logic into a wire
    Warning (13049): Converted tri-state buffer "lsu:Lsu|ld_data[25]" feeding internal logic into a wire
    Warning (13049): Converted tri-state buffer "lsu:Lsu|ld_data[26]" feeding internal logic into a wire
    Warning (13049): Converted tri-state buffer "lsu:Lsu|ld_data[27]" feeding internal logic into a wire
    Warning (13049): Converted tri-state buffer "lsu:Lsu|ld_data[28]" feeding internal logic into a wire
    Warning (13049): Converted tri-state buffer "lsu:Lsu|ld_data[29]" feeding internal logic into a wire
    Warning (13049): Converted tri-state buffer "lsu:Lsu|ld_data[30]" feeding internal logic into a wire
    Warning (13049): Converted tri-state buffer "lsu:Lsu|ld_data[31]" feeding internal logic into a wire
Critical Warning (127005): Memory depth (4096) in the design file differs from memory depth (2049) in the Memory Initialization File "C:/Users/Admin/Documents/SEM241/Computer_Organization_and_Design_(EE4423)/milestone/ctmt/milestone3/db/pipeline.ram0_I$_91f.hdl.mif" -- setting initial value for remaining addresses to 0
Warning (127007): Memory Initialization File or Hexadecimal (Intel-Format) File "C:/Users/Admin/Documents/SEM241/Computer_Organization_and_Design_(EE4423)/milestone/ctmt/milestone3/db/pipeline.ram0_I$_91f.hdl.mif" contains "don't care" values -- overwriting them with 0s
Info (19000): Inferred 1 megafunctions from design logic
    Info (276034): Inferred altshift_taps megafunction from the following design logic: "second_register:secondDff|wb_selE_rtl_0"
        Info (286033): Parameter NUMBER_OF_TAPS set to 1
        Info (286033): Parameter TAP_DISTANCE set to 3
        Info (286033): Parameter WIDTH set to 31
Info (12130): Elaborated megafunction instantiation "second_register:secondDff|altshift_taps:wb_selE_rtl_0"
Info (12133): Instantiated megafunction "second_register:secondDff|altshift_taps:wb_selE_rtl_0" with the following parameter:
    Info (12134): Parameter "NUMBER_OF_TAPS" = "1"
    Info (12134): Parameter "TAP_DISTANCE" = "3"
    Info (12134): Parameter "WIDTH" = "31"
Info (12021): Found 1 design units, including 1 entities, in source file db/shift_taps_pfm.tdf
    Info (12023): Found entity 1: shift_taps_pfm
Info (12021): Found 1 design units, including 1 entities, in source file db/altsyncram_9461.tdf
    Info (12023): Found entity 1: altsyncram_9461
Info (12021): Found 1 design units, including 1 entities, in source file db/add_sub_gvd.tdf
    Info (12023): Found entity 1: add_sub_gvd
Info (12021): Found 1 design units, including 1 entities, in source file db/cntr_kkf.tdf
    Info (12023): Found entity 1: cntr_kkf
Info (12021): Found 1 design units, including 1 entities, in source file db/cmpr_6cc.tdf
    Info (12023): Found entity 1: cmpr_6cc
Info (12021): Found 1 design units, including 1 entities, in source file db/cntr_74h.tdf
    Info (12023): Found entity 1: cntr_74h
Warning (12241): 4 hierarchies have connectivity warnings - see the Connectivity Checks report folder
Info (13000): Registers with preset signals will power-up high
Info (13003): DEV_CLRn pin will set, and not reset, register with preset signal due to NOT Gate Push-Back
Info (144001): Generated suppressed messages file C:/Users/Admin/Documents/SEM241/Computer_Organization_and_Design_(EE4423)/milestone/ctmt/milestone3/output_files/pipeline.map.smsg
Info (16010): Generating hard_block partition "hard_block:auto_generated_inst"
    Info (16011): Adding 0 node(s), including 0 DDIO, 0 PLL, 0 transceiver and 0 LCELL
Info (21057): Implemented 12544 device resources after synthesis - the final resource count might be different
    Info (21058): Implemented 38 input pins
    Info (21059): Implemented 345 output pins
    Info (21061): Implemented 12130 logic cells
    Info (21064): Implemented 31 RAM segments
Info: Quartus II 64-Bit Analysis & Synthesis was successful. 0 errors, 61 warnings
    Info: Peak virtual memory: 4643 megabytes
    Info: Processing ended: Mon Dec 09 21:12:07 2024
    Info: Elapsed time: 00:00:23
    Info: Total CPU time (on all processors): 00:00:23


+------------------------------------------+
; Analysis & Synthesis Suppressed Messages ;
+------------------------------------------+
The suppressed messages can be found in C:/Users/Admin/Documents/SEM241/Computer_Organization_and_Design_(EE4423)/milestone/ctmt/milestone3/output_files/pipeline.map.smsg.


